1 2 0.000 0.000
1 3 0.000 0.000
1 4 0.000 0.000
1 5 0.000 0.000
1 6 0.000 0.000
1 7 0.050 0.048
1 8 0.000 0.000
1 9 0.000 0.000
1 10 0.000 0.000
1 11 0.000 0.000
1 12 0.000 0.000
1 13 0.000 0.000
1 14 0.000 0.000
1 15 0.000 0.000
1 16 0.817 0.860
1 17 0.000 0.000
1 18 0.000 0.000
1 19 0.000 0.000
1 20 0.000 0.000
1 21 0.000 0.000
1 22 0.000 0.000
1 23 0.000 0.000
1 24 0.000 0.000
1 25 0.000 0.000
1 26 0.000 0.000
1 27 0.000 0.000
1 28 0.000 0.000
1 29 0.000 0.000
1 30 0.000 0.000
1 31 0.000 0.000
1 32 0.000 0.000
1 33 0.000 0.000
1 34 0.000 0.000
1 35 0.000 0.000
1 36 0.000 0.000
1 37 0.867 0.867
1 38 0.000 0.000
1 39 0.000 0.000
1 40 0.000 0.000
1 41 0.000 0.000
1 42 0.000 0.000
1 43 0.000 0.000
1 44 0.000 0.000
1 45 0.000 0.000
1 46 0.000 0.000
1 47 0.000 0.000
1 48 0.000 0.000
1 49 0.000 0.000
1 50 0.000 0.000
1 51 0.000 0.000
1 52 0.000 0.000
1 53 0.000 0.000
1 54 0.000 0.000
1 55 0.000 0.000
1 56 0.000 0.000
1 57 0.000 0.000
1 58 0.000 0.000
1 59 0.000 0.000
1 60 0.000 0.000
1 61 0.000 0.000
1 62 0.000 0.000
1 63 0.000 0.000
1 64 0.000 0.000
1 65 0.000 0.000
1 66 0.000 0.000
1 67 0.000 0.000
1 68 0.000 0.000
1 69 0.000 0.000
1 70 0.000 0.000
1 71 0.000 0.000
1 72 0.000 0.000
1 73 0.000 0.000
1 74 0.000 0.000
1 75 0.000 0.000
1 76 0.000 0.000
1 77 0.000 0.000
1 78 0.000 0.000
1 79 0.000 0.000
1 80 0.000 0.000
1 81 0.000 0.000
1 82 0.000 0.000
1 83 0.000 0.000
1 84 0.000 0.000
1 85 0.000 0.000
1 86 0.000 0.000
1 87 0.000 0.000
1 88 0.000 0.000
1 89 0.000 0.000
1 90 0.000 0.000
1 91 0.850 0.750
1 92 0.000 0.000
1 93 0.000 0.000
1 94 0.000 0.000
1 95 0.000 0.000
1 96 0.000 0.000
1 97 0.000 0.000
1 98 0.000 0.000
1 99 0.000 0.000
1 100 0.000 0.000
1 101 0.000 0.000
1 102 0.000 0.000
1 103 0.000 0.000
1 104 0.000 0.000
1 105 0.000 0.000
1 106 0.000 0.000
2 3 0.108 0.103
2 4 0.354 0.469
2 5 0.015 0.019
2 6 0.000 0.000
2 7 0.000 0.000
2 8 0.062 0.045
2 9 0.785 0.718
2 10 0.615 0.563
2 11 0.000 0.000
2 12 0.492 0.376
2 13 0.508 0.493
2 14 0.308 0.274
2 15 0.246 0.235
2 16 0.000 0.000
2 17 0.585 0.644
2 18 0.708 0.575
2 19 0.477 0.403
2 20 0.446 0.333
2 21 0.246 0.239
2 22 0.108 0.089
2 23 0.662 0.606
2 24 0.015 0.014
2 25 0.400 0.351
2 26 0.477 0.388
2 27 0.462 0.423
2 28 0.092 0.083
2 29 0.738 0.565
2 30 0.769 0.667
2 31 0.015 0.014
2 32 0.292 0.297
2 33 0.000 0.000
2 34 0.569 0.569
2 35 0.000 0.000
2 36 0.892 0.734
2 37 0.000 0.000
2 38 0.646 0.667
2 39 0.400 0.325
2 40 0.062 0.044
2 41 0.092 0.097
2 42 0.092 0.090
2 43 0.000 0.000
2 44 0.046 0.040
2 45 0.077 0.098
2 46 0.000 0.000
2 47 0.000 0.000
2 48 0.215 0.173
2 49 0.062 0.062
2 50 0.908 0.648
2 51 0.000 0.000
2 52 0.031 0.029
2 53 0.615 0.476
2 54 0.062 0.066
2 55 0.000 0.000
2 56 0.077 0.059
2 57 0.446 0.392
2 58 0.077 0.093
2 59 0.077 0.085
2 60 0.077 0.062
2 61 0.031 0.024
2 62 0.354 0.245
2 63 0.477 0.344
2 64 0.000 0.000
2 65 0.369 0.364
2 66 0.062 0.078
2 67 0.431 0.364
2 68 0.492 0.516
2 69 0.000 0.000
2 70 0.015 0.024
2 71 0.431 0.412
2 72 0.000 0.000
2 73 0.431 0.354
2 74 0.138 0.107
2 75 0.415 0.333
2 76 0.677 0.638
2 77 0.062 0.062
2 78 0.369 0.343
2 79 0.369 0.369
2 80 0.000 0.000
2 81 0.462 0.319
2 82 0.154 0.109
2 83 0.462 0.423
2 84 0.000 0.000
2 85 0.092 0.118
2 86 0.000 0.000
2 87 0.000 0.000
2 88 0.000 0.000
2 89 0.662 0.573
2 90 0.000 0.000
2 91 0.000 0.000
2 92 0.062 0.082
2 93 0.323 0.333
2 94 0.000 0.000
2 95 0.000 0.000
2 96 0.000 0.000
2 97 0.000 0.000
2 98 0.323 0.350
2 99 0.292 0.232
2 100 0.431 0.452
2 101 0.015 0.014
2 102 0.000 0.000
2 103 0.523 0.459
2 104 0.754 0.563
2 105 0.000 0.000
2 106 0.138 0.103
3 4 0.118 0.163
3 5 0.000 0.000
3 6 0.000 0.000
3 7 0.000 0.000
3 8 0.015 0.011
3 9 0.118 0.113
3 10 0.088 0.085
3 11 0.000 0.000
3 12 0.103 0.082
3 13 0.029 0.030
3 14 0.103 0.096
3 15 0.074 0.074
3 16 0.000 0.000
3 17 0.059 0.068
3 18 0.074 0.062
3 19 0.044 0.039
3 20 0.074 0.057
3 21 0.029 0.030
3 22 0.074 0.063
3 23 0.074 0.070
3 24 0.000 0.000
3 25 0.059 0.054
3 26 0.059 0.050
3 27 0.059 0.056
3 28 0.000 0.000
3 29 0.103 0.082
3 30 0.118 0.107
3 31 0.000 0.000
3 32 0.103 0.109
3 33 0.000 0.000
3 34 0.088 0.092
3 35 0.015 0.016
3 36 0.118 0.101
3 37 0.000 0.000
3 38 0.088 0.095
3 39 0.103 0.088
3 40 0.088 0.066
3 41 0.015 0.016
3 42 0.000 0.000
3 43 0.000 0.000
3 44 0.000 0.000
3 45 0.000 0.000
3 46 0.000 0.000
3 47 0.088 0.078
3 48 0.088 0.074
3 49 0.015 0.016
3 50 0.103 0.077
3 51 0.000 0.000
3 52 0.000 0.000
3 53 0.088 0.071
3 54 0.265 0.295
3 55 0.000 0.000
3 56 0.015 0.012
3 57 0.118 0.108
3 58 0.015 0.019
3 59 0.015 0.017
3 60 0.000 0.000
3 61 0.059 0.049
3 62 0.103 0.074
3 63 0.088 0.067
3 64 0.000 0.000
3 65 0.103 0.106
3 66 0.000 0.000
3 67 0.118 0.104
3 68 0.059 0.065
3 69 0.000 0.000
3 70 0.044 0.071
3 71 0.059 0.059
3 72 0.029 0.021
3 73 0.118 0.101
3 74 0.000 0.000
3 75 0.088 0.074
3 76 0.118 0.116
3 77 0.000 0.000
3 78 0.103 0.100
3 79 0.118 0.123
3 80 0.000 0.000
3 81 0.074 0.053
3 82 0.000 0.000
3 83 0.059 0.056
3 84 0.015 0.014
3 85 0.000 0.000
3 86 0.000 0.000
3 87 0.000 0.000
3 88 0.000 0.000
3 89 0.088 0.080
3 90 0.059 0.057
3 91 0.000 0.000
3 92 0.029 0.041
3 93 0.059 0.063
3 94 0.059 0.045
3 95 0.000 0.000
3 96 0.000 0.000
3 97 0.000 0.000
3 98 0.088 0.100
3 99 0.103 0.085
3 100 0.118 0.129
3 101 0.029 0.027
3 102 0.059 0.045
3 103 0.103 0.095
3 104 0.118 0.092
3 105 0.000 0.000
3 106 0.000 0.000
4 5 0.102 0.093
4 6 0.000 0.000
4 7 0.000 0.000
4 8 0.184 0.101
4 9 0.347 0.239
4 10 0.286 0.197
4 11 0.000 0.000
4 12 0.857 0.494
4 13 0.306 0.224
4 14 0.694 0.466
4 15 0.571 0.412
4 16 0.000 0.000
4 17 0.306 0.254
4 18 0.408 0.250
4 19 0.163 0.104
4 20 0.184 0.103
4 21 0.612 0.448
4 22 0.204 0.127
4 23 0.327 0.225
4 24 0.000 0.000
4 25 0.163 0.108
4 26 0.184 0.113
4 27 0.184 0.127
4 28 0.245 0.167
4 29 0.306 0.176
4 30 0.347 0.227
4 31 0.000 0.000
4 32 0.694 0.531
4 33 0.000 0.000
4 34 0.327 0.246
4 35 0.041 0.033
4 36 0.347 0.215
4 37 0.000 0.000
4 38 0.347 0.270
4 39 0.857 0.525
4 40 0.163 0.088
4 41 0.204 0.161
4 42 0.061 0.045
4 43 0.020 0.012
4 44 0.000 0.000
4 45 0.184 0.176
4 46 0.000 0.000
4 47 0.000 0.000
4 48 0.163 0.099
4 49 0.122 0.094
4 50 0.592 0.319
4 51 0.122 0.085
4 52 0.122 0.087
4 53 0.245 0.143
4 54 0.061 0.049
4 55 0.000 0.000
4 56 0.224 0.129
4 57 0.816 0.541
4 58 0.143 0.130
4 59 0.143 0.119
4 60 0.184 0.111
4 61 0.000 0.000
4 62 0.245 0.128
4 63 0.776 0.422
4 64 0.000 0.000
4 65 0.918 0.682
4 66 0.163 0.157
4 67 0.816 0.519
4 68 0.204 0.161
4 69 0.000 0.000
4 70 0.000 0.000
4 71 0.184 0.132
4 72 0.061 0.032
4 73 0.898 0.557
4 74 0.184 0.107
4 75 0.612 0.370
4 76 0.592 0.420
4 77 0.163 0.125
4 78 0.714 0.500
4 79 0.776 0.585
4 80 0.000 0.000
4 81 0.184 0.096
4 82 0.102 0.054
4 83 0.204 0.141
4 84 0.041 0.029
4 85 0.184 0.176
4 86 0.000 0.000
4 87 0.000 0.000
4 88 0.143 0.103
4 89 0.449 0.293
4 90 0.000 0.000
4 91 0.000 0.000
4 92 0.163 0.163
4 93 0.143 0.111
4 94 0.041 0.022
4 95 0.000 0.000
4 96 0.000 0.000
4 97 0.000 0.000
4 98 0.571 0.467
4 99 0.224 0.134
4 100 0.878 0.694
4 101 0.061 0.041
4 102 0.041 0.023
4 103 0.224 0.149
4 104 0.347 0.195
4 105 0.000 0.000
4 106 0.102 0.057
5 6 0.000 0.000
5 7 0.000 0.000
5 8 0.037 0.022
5 9 0.019 0.014
5 10 0.019 0.014
5 11 0.000 0.000
5 12 0.111 0.071
5 13 0.056 0.045
5 14 0.130 0.096
5 15 0.111 0.088
5 16 0.000 0.000
5 17 0.000 0.000
5 18 0.074 0.050
5 19 0.019 0.013
5 20 0.019 0.011
5 21 0.111 0.090
5 22 0.037 0.025
5 23 0.037 0.028
5 24 0.000 0.000
5 25 0.000 0.000
5 26 0.000 0.000
5 27 0.019 0.014
5 28 0.074 0.056
5 29 0.019 0.012
5 30 0.019 0.013
5 31 0.000 0.000
5 32 0.148 0.125
5 33 0.000 0.000
5 34 0.000 0.000
5 35 0.056 0.049
5 36 0.037 0.025
5 37 0.000 0.000
5 38 0.019 0.016
5 39 0.111 0.075
5 40 0.111 0.066
5 41 0.056 0.048
5 42 0.037 0.030
5 43 0.000 0.000
5 44 0.093 0.067
5 45 0.093 0.098
5 46 0.000 0.000
5 47 0.056 0.039
5 48 0.000 0.000
5 49 0.000 0.000
5 50 0.074 0.044
5 51 0.130 0.099
5 52 0.037 0.029
5 53 0.019 0.012
5 54 0.000 0.000
5 55 0.000 0.000
5 56 0.074 0.047
5 57 0.148 0.108
5 58 0.019 0.019
5 59 0.019 0.017
5 60 0.056 0.037
5 61 0.056 0.037
5 62 0.000 0.000
5 63 0.130 0.078
5 64 0.000 0.000
5 65 0.111 0.091
5 66 0.056 0.059
5 67 0.074 0.052
5 68 0.019 0.016
5 69 0.000 0.000
5 70 0.074 0.095
5 71 0.019 0.015
5 72 0.074 0.043
5 73 0.111 0.076
5 74 0.000 0.000
5 75 0.093 0.062
5 76 0.074 0.058
5 77 0.056 0.047
5 78 0.130 0.100
5 79 0.093 0.077
5 80 0.000 0.000
5 81 0.019 0.011
5 82 0.037 0.022
5 83 0.019 0.014
5 84 0.056 0.043
5 85 0.074 0.078
5 86 0.000 0.000
5 87 0.000 0.000
5 88 0.130 0.103
5 89 0.074 0.053
5 90 0.074 0.057
5 91 0.000 0.000
5 92 0.056 0.061
5 93 0.000 0.000
5 94 0.037 0.022
5 95 0.000 0.000
5 96 0.000 0.000
5 97 0.000 0.000
5 98 0.093 0.083
5 99 0.000 0.000
5 100 0.111 0.097
5 101 0.074 0.055
5 102 0.037 0.023
5 103 0.000 0.000
5 104 0.037 0.023
5 105 0.000 0.000
5 106 0.037 0.023
6 7 0.000 0.000
6 8 0.018 0.011
6 9 0.000 0.000
6 10 0.000 0.000
6 11 0.000 0.000
6 12 0.000 0.000
6 13 0.000 0.000
6 14 0.000 0.000
6 15 0.000 0.000
6 16 0.000 0.000
6 17 0.000 0.000
6 18 0.000 0.000
6 19 0.000 0.000
6 20 0.000 0.000
6 21 0.000 0.000
6 22 0.000 0.000
6 23 0.000 0.000
6 24 0.000 0.000
6 25 0.000 0.000
6 26 0.000 0.000
6 27 0.000 0.000
6 28 0.000 0.000
6 29 0.000 0.000
6 30 0.000 0.000
6 31 0.000 0.000
6 32 0.000 0.000
6 33 0.000 0.000
6 34 0.000 0.000
6 35 0.000 0.000
6 36 0.000 0.000
6 37 0.000 0.000
6 38 0.000 0.000
6 39 0.000 0.000
6 40 0.000 0.000
6 41 0.000 0.000
6 42 0.000 0.000
6 43 0.000 0.000
6 44 0.089 0.067
6 45 0.000 0.000
6 46 0.000 0.000
6 47 0.000 0.000
6 48 0.000 0.000
6 49 0.000 0.000
6 50 0.000 0.000
6 51 0.000 0.000
6 52 0.000 0.000
6 53 0.000 0.000
6 54 0.018 0.016
6 55 0.000 0.000
6 56 0.000 0.000
6 57 0.000 0.000
6 58 0.000 0.000
6 59 0.000 0.000
6 60 0.000 0.000
6 61 0.000 0.000
6 62 0.000 0.000
6 63 0.000 0.000
6 64 0.000 0.000
6 65 0.000 0.000
6 66 0.000 0.000
6 67 0.000 0.000
6 68 0.000 0.000
6 69 0.000 0.000
6 70 0.000 0.000
6 71 0.000 0.000
6 72 0.000 0.000
6 73 0.000 0.000
6 74 0.000 0.000
6 75 0.000 0.000
6 76 0.000 0.000
6 77 0.000 0.000
6 78 0.000 0.000
6 79 0.000 0.000
6 80 0.018 0.018
6 81 0.000 0.000
6 82 0.000 0.000
6 83 0.000 0.000
6 84 0.000 0.000
6 85 0.000 0.000
6 86 0.000 0.000
6 87 0.000 0.000
6 88 0.000 0.000
6 89 0.000 0.000
6 90 0.000 0.000
6 91 0.000 0.000
6 92 0.000 0.000
6 93 0.000 0.000
6 94 0.000 0.000
6 95 0.000 0.000
6 96 0.000 0.000
6 97 0.000 0.000
6 98 0.000 0.000
6 99 0.000 0.000
6 100 0.000 0.000
6 101 0.000 0.000
6 102 0.000 0.000
6 103 0.000 0.000
6 104 0.000 0.000
6 105 0.000 0.000
6 106 0.000 0.000
7 8 0.000 0.000
7 9 0.000 0.000
7 10 0.000 0.000
7 11 0.000 0.000
7 12 0.000 0.000
7 13 0.000 0.000
7 14 0.000 0.000
7 15 0.000 0.000
7 16 0.016 0.018
7 17 0.000 0.000
7 18 0.000 0.000
7 19 0.000 0.000
7 20 0.000 0.000
7 21 0.000 0.000
7 22 0.000 0.000
7 23 0.000 0.000
7 24 0.000 0.000
7 25 0.000 0.000
7 26 0.000 0.000
7 27 0.000 0.000
7 28 0.000 0.000
7 29 0.000 0.000
7 30 0.000 0.000
7 31 0.000 0.000
7 32 0.000 0.000
7 33 0.000 0.000
7 34 0.000 0.000
7 35 0.000 0.000
7 36 0.000 0.000
7 37 0.016 0.017
7 38 0.000 0.000
7 39 0.000 0.000
7 40 0.000 0.000
7 41 0.000 0.000
7 42 0.000 0.000
7 43 0.000 0.000
7 44 0.000 0.000
7 45 0.000 0.000
7 46 0.000 0.000
7 47 0.000 0.000
7 48 0.000 0.000
7 49 0.000 0.000
7 50 0.000 0.000
7 51 0.000 0.000
7 52 0.000 0.000
7 53 0.000 0.000
7 54 0.000 0.000
7 55 0.000 0.000
7 56 0.000 0.000
7 57 0.000 0.000
7 58 0.000 0.000
7 59 0.000 0.000
7 60 0.000 0.000
7 61 0.000 0.000
7 62 0.000 0.000
7 63 0.000 0.000
7 64 0.000 0.000
7 65 0.000 0.000
7 66 0.000 0.000
7 67 0.000 0.000
7 68 0.000 0.000
7 69 0.000 0.000
7 70 0.000 0.000
7 71 0.000 0.000
7 72 0.000 0.000
7 73 0.000 0.000
7 74 0.000 0.000
7 75 0.000 0.000
7 76 0.000 0.000
7 77 0.000 0.000
7 78 0.000 0.000
7 79 0.000 0.000
7 80 0.000 0.000
7 81 0.000 0.000
7 82 0.000 0.000
7 83 0.000 0.000
7 84 0.000 0.000
7 85 0.000 0.000
7 86 0.000 0.000
7 87 0.000 0.000
7 88 0.000 0.000
7 89 0.000 0.000
7 90 0.000 0.000
7 91 0.016 0.015
7 92 0.000 0.000
7 93 0.000 0.000
7 94 0.000 0.000
7 95 0.000 0.000
7 96 0.000 0.000
7 97 0.000 0.000
7 98 0.000 0.000
7 99 0.000 0.000
7 100 0.000 0.000
7 101 0.000 0.000
7 102 0.000 0.000
7 103 0.000 0.000
7 104 0.000 0.000
7 105 0.000 0.000
7 106 0.000 0.000
8 9 0.034 0.042
8 10 0.022 0.028
8 11 0.000 0.000
8 12 0.090 0.094
8 13 0.011 0.015
8 14 0.034 0.041
8 15 0.034 0.044
8 16 0.000 0.000
8 17 0.034 0.051
8 18 0.034 0.038
8 19 0.022 0.026
8 20 0.011 0.011
8 21 0.090 0.119
8 22 0.079 0.089
8 23 0.022 0.028
8 24 0.000 0.000
8 25 0.000 0.000
8 26 0.011 0.013
8 27 0.011 0.014
8 28 0.449 0.556
8 29 0.034 0.035
8 30 0.034 0.040
8 31 0.000 0.000
8 32 0.034 0.047
8 33 0.000 0.000
8 34 0.034 0.046
8 35 0.045 0.066
8 36 0.022 0.025
8 37 0.000 0.000
8 38 0.056 0.079
8 39 0.101 0.113
8 40 0.101 0.099
8 41 0.337 0.484
8 42 0.011 0.015
8 43 0.011 0.012
8 44 0.011 0.013
8 45 0.404 0.706
8 46 0.000 0.000
8 47 0.034 0.039
8 48 0.000 0.000
8 49 0.303 0.422
8 50 0.067 0.066
8 51 0.067 0.085
8 52 0.326 0.420
8 53 0.011 0.012
8 54 0.000 0.000
8 55 0.000 0.000
8 56 0.382 0.400
8 57 0.056 0.068
8 58 0.124 0.204
8 59 0.135 0.203
8 60 0.416 0.457
8 61 0.034 0.037
8 62 0.011 0.011
8 63 0.090 0.089
8 64 0.000 0.000
8 65 0.101 0.136
8 66 0.292 0.510
8 67 0.056 0.065
8 68 0.022 0.032
8 69 0.000 0.000
8 70 0.022 0.048
8 71 0.011 0.015
8 72 0.101 0.096
8 73 0.079 0.089
8 74 0.022 0.024
8 75 0.079 0.086
8 76 0.067 0.087
8 77 0.315 0.438
8 78 0.034 0.043
8 79 0.045 0.062
8 80 0.022 0.035
8 81 0.011 0.011
8 82 0.045 0.043
8 83 0.022 0.028
8 84 0.045 0.058
8 85 0.258 0.451
8 86 0.000 0.000
8 87 0.000 0.000
8 88 0.202 0.265
8 89 0.011 0.013
8 90 0.034 0.043
8 91 0.000 0.000
8 92 0.112 0.204
8 93 0.000 0.000
8 94 0.112 0.112
8 95 0.000 0.000
8 96 0.067 0.102
8 97 0.000 0.000
8 98 0.022 0.033
8 99 0.000 0.000
8 100 0.067 0.097
8 101 0.090 0.110
8 102 0.112 0.114
8 103 0.022 0.027
8 104 0.034 0.034
8 105 0.000 0.000
8 106 0.022 0.023
9 10 0.761 0.761
9 11 0.000 0.000
9 12 0.310 0.259
9 13 0.380 0.403
9 14 0.211 0.205
9 15 0.141 0.147
9 16 0.000 0.000
9 17 0.648 0.780
9 18 0.535 0.475
9 19 0.577 0.532
9 20 0.592 0.483
9 21 0.155 0.164
9 22 0.085 0.076
9 23 0.563 0.563
9 24 0.014 0.014
9 25 0.521 0.500
9 26 0.620 0.550
9 27 0.577 0.577
9 28 0.070 0.069
9 29 0.930 0.776
9 30 0.915 0.867
9 31 0.014 0.014
9 32 0.197 0.219
9 33 0.000 0.000
9 34 0.704 0.769
9 35 0.000 0.000
9 36 0.845 0.759
9 37 0.000 0.000
9 38 0.775 0.873
9 39 0.296 0.263
9 40 0.042 0.033
9 41 0.056 0.065
9 42 0.085 0.090
9 43 0.014 0.012
9 44 0.042 0.040
9 45 0.070 0.098
9 46 0.000 0.000
9 47 0.000 0.000
9 48 0.282 0.247
9 49 0.042 0.047
9 50 0.662 0.516
9 51 0.000 0.000
9 52 0.028 0.029
9 53 0.704 0.595
9 54 0.070 0.082
9 55 0.000 0.000
9 56 0.042 0.035
9 57 0.268 0.257
9 58 0.085 0.111
9 59 0.085 0.102
9 60 0.056 0.049
9 61 0.014 0.012
9 62 0.465 0.351
9 63 0.296 0.233
9 64 0.000 0.000
9 65 0.268 0.288
9 66 0.056 0.078
9 67 0.268 0.247
9 68 0.577 0.661
9 69 0.000 0.000
9 70 0.014 0.024
9 71 0.521 0.544
9 72 0.000 0.000
9 73 0.296 0.266
9 74 0.113 0.095
9 75 0.254 0.222
9 76 0.423 0.435
9 77 0.042 0.047
9 78 0.239 0.243
9 79 0.268 0.292
9 80 0.000 0.000
9 81 0.577 0.436
9 82 0.141 0.109
9 83 0.620 0.620
9 84 0.000 0.000
9 85 0.070 0.098
9 86 0.000 0.000
9 87 0.000 0.000
9 88 0.000 0.000
9 89 0.479 0.453
9 90 0.000 0.000
9 91 0.000 0.000
9 92 0.028 0.041
9 93 0.423 0.476
9 94 0.000 0.000
9 95 0.000 0.000
9 96 0.000 0.000
9 97 0.000 0.000
9 98 0.183 0.217
9 99 0.394 0.341
9 100 0.282 0.323
9 101 0.014 0.014
9 102 0.000 0.000
9 103 0.690 0.662
9 104 0.873 0.713
9 105 0.000 0.000
9 106 0.127 0.103
10 11 0.000 0.000
10 12 0.296 0.247
10 13 0.479 0.507
10 14 0.254 0.247
10 15 0.183 0.191
10 16 0.000 0.000
10 17 0.676 0.814
10 18 0.606 0.537
10 19 0.817 0.753
10 20 0.775 0.632
10 21 0.197 0.209
10 22 0.070 0.063
10 23 0.620 0.620
10 24 0.000 0.000
10 25 0.634 0.608
10 26 0.732 0.650
10 27 0.761 0.761
10 28 0.056 0.056
10 29 0.873 0.729
10 30 0.718 0.680
10 31 0.000 0.000
10 32 0.254 0.281
10 33 0.000 0.000
10 34 0.690 0.754
10 35 0.000 0.000
10 36 0.746 0.671
10 37 0.000 0.000
10 38 0.704 0.794
10 39 0.268 0.238
10 40 0.014 0.011
10 41 0.056 0.065
10 42 0.056 0.060
10 43 0.028 0.024
10 44 0.085 0.080
10 45 0.056 0.078
10 46 0.000 0.000
10 47 0.000 0.000
10 48 0.183 0.160
10 49 0.028 0.031
10 50 0.592 0.462
10 51 0.000 0.000
10 52 0.028 0.029
10 53 0.761 0.643
10 54 0.085 0.098
10 55 0.000 0.000
10 56 0.042 0.035
10 57 0.254 0.243
10 58 0.070 0.093
10 59 0.070 0.085
10 60 0.056 0.049
10 61 0.000 0.000
10 62 0.366 0.277
10 63 0.282 0.222
10 64 0.000 0.000
10 65 0.225 0.242
10 66 0.056 0.078
10 67 0.239 0.221
10 68 0.789 0.903
10 69 0.000 0.000
10 70 0.000 0.000
10 71 0.732 0.765
10 72 0.000 0.000
10 73 0.268 0.241
10 74 0.113 0.095
10 75 0.225 0.198
10 76 0.408 0.420
10 77 0.042 0.047
10 78 0.268 0.271
10 79 0.268 0.292
10 80 0.000 0.000
10 81 0.761 0.574
10 82 0.127 0.098
10 83 0.803 0.803
10 84 0.000 0.000
10 85 0.056 0.078
10 86 0.000 0.000
10 87 0.000 0.000
10 88 0.000 0.000
10 89 0.521 0.493
10 90 0.000 0.000
10 91 0.000 0.000
10 92 0.014 0.020
10 93 0.634 0.714
10 94 0.000 0.000
10 95 0.000 0.000
10 96 0.000 0.000
10 97 0.000 0.000
10 98 0.197 0.233
10 99 0.338 0.293
10 100 0.254 0.290
10 101 0.014 0.014
10 102 0.000 0.000
10 103 0.775 0.743
10 104 0.845 0.690
10 105 0.000 0.000
10 106 0.127 0.103
11 12 0.000 0.000
11 13 0.000 0.000
11 14 0.000 0.000
11 15 0.000 0.000
11 16 0.000 0.000
11 17 0.000 0.000
11 18 0.000 0.000
11 19 0.000 0.000
11 20 0.000 0.000
11 21 0.000 0.000
11 22 0.000 0.000
11 23 0.000 0.000
11 24 0.000 0.000
11 25 0.000 0.000
11 26 0.000 0.000
11 27 0.000 0.000
11 28 0.000 0.000
11 29 0.000 0.000
11 30 0.000 0.000
11 31 0.000 0.000
11 32 0.000 0.000
11 33 0.651 0.976
11 34 0.000 0.000
11 35 0.000 0.000
11 36 0.000 0.000
11 37 0.000 0.000
11 38 0.000 0.000
11 39 0.000 0.000
11 40 0.000 0.000
11 41 0.000 0.000
11 42 0.000 0.000
11 43 0.000 0.000
11 44 0.000 0.000
11 45 0.000 0.000
11 46 0.000 0.000
11 47 0.032 0.026
11 48 0.000 0.000
11 49 0.000 0.000
11 50 0.000 0.000
11 51 0.000 0.000
11 52 0.000 0.000
11 53 0.000 0.000
11 54 0.000 0.000
11 55 0.540 0.756
11 56 0.000 0.000
11 57 0.000 0.000
11 58 0.000 0.000
11 59 0.000 0.000
11 60 0.000 0.000
11 61 0.000 0.000
11 62 0.000 0.000
11 63 0.000 0.000
11 64 0.825 0.800
11 65 0.000 0.000
11 66 0.000 0.000
11 67 0.000 0.000
11 68 0.000 0.000
11 69 0.079 0.122
11 70 0.000 0.000
11 71 0.000 0.000
11 72 0.000 0.000
11 73 0.000 0.000
11 74 0.000 0.000
11 75 0.000 0.000
11 76 0.000 0.000
11 77 0.000 0.000
11 78 0.000 0.000
11 79 0.000 0.000
11 80 0.000 0.000
11 81 0.000 0.000
11 82 0.000 0.000
11 83 0.000 0.000
11 84 0.000 0.000
11 85 0.000 0.000
11 86 0.603 0.691
11 87 0.127 0.140
11 88 0.000 0.000
11 89 0.000 0.000
11 90 0.032 0.029
11 91 0.000 0.000
11 92 0.000 0.000
11 93 0.000 0.000
11 94 0.000 0.000
11 95 0.651 0.788
11 96 0.000 0.000
11 97 0.556 0.583
11 98 0.000 0.000
11 99 0.000 0.000
11 100 0.000 0.000
11 101 0.000 0.000
11 102 0.000 0.000
11 103 0.000 0.000
11 104 0.000 0.000
11 105 0.683 0.811
11 106 0.000 0.000
12 13 0.376 0.478
12 14 0.541 0.630
12 15 0.482 0.603
12 16 0.000 0.000
12 17 0.259 0.373
12 18 0.424 0.450
12 19 0.153 0.169
12 20 0.153 0.149
12 21 0.518 0.657
12 22 0.129 0.139
12 23 0.365 0.437
12 24 0.012 0.014
12 25 0.153 0.176
12 26 0.188 0.200
12 27 0.153 0.183
12 28 0.118 0.139
12 29 0.259 0.259
12 30 0.235 0.267
12 31 0.012 0.014
12 32 0.541 0.719
12 33 0.000 0.000
12 34 0.247 0.323
12 35 0.024 0.033
12 36 0.329 0.354
12 37 0.000 0.000
12 38 0.271 0.365
12 39 0.718 0.763
12 40 0.082 0.077
12 41 0.094 0.129
12 42 0.059 0.075
12 43 0.106 0.106
12 44 0.024 0.027
12 45 0.082 0.137
12 46 0.000 0.000
12 47 0.000 0.000
12 48 0.094 0.099
12 49 0.059 0.078
12 50 0.518 0.484
12 51 0.071 0.085
12 52 0.047 0.058
12 53 0.247 0.250
12 54 0.059 0.082
12 55 0.000 0.000
12 56 0.106 0.106
12 57 0.682 0.784
12 58 0.071 0.111
12 59 0.071 0.102
12 60 0.082 0.086
12 61 0.000 0.000
12 62 0.153 0.138
12 63 0.918 0.867
12 64 0.000 0.000
12 65 0.624 0.803
12 66 0.071 0.118
12 67 0.788 0.870
12 68 0.176 0.242
12 69 0.000 0.000
12 70 0.000 0.000
12 71 0.165 0.206
12 72 0.024 0.021
12 73 0.729 0.785
12 74 0.176 0.179
12 75 0.812 0.852
12 76 0.529 0.652
12 77 0.071 0.094
12 78 0.565 0.686
12 79 0.518 0.677
12 80 0.012 0.018
12 81 0.153 0.138
12 82 0.082 0.076
12 83 0.153 0.183
12 84 0.024 0.029
12 85 0.082 0.137
12 86 0.000 0.000
12 87 0.000 0.000
12 88 0.071 0.088
12 89 0.412 0.467
12 90 0.000 0.000
12 91 0.000 0.000
12 92 0.106 0.184
12 93 0.153 0.206
12 94 0.024 0.022
12 95 0.000 0.000
12 96 0.000 0.000
12 97 0.000 0.000
12 98 0.494 0.700
12 99 0.141 0.146
12 100 0.635 0.871
12 101 0.047 0.055
12 102 0.024 0.023
12 103 0.200 0.230
12 104 0.306 0.299
12 105 0.000 0.000
12 106 0.082 0.080
13 14 0.299 0.274
13 15 0.254 0.250
13 16 0.000 0.000
13 17 0.493 0.559
13 18 0.925 0.775
13 19 0.448 0.390
13 20 0.358 0.276
13 21 0.254 0.254
13 22 0.090 0.076
13 23 0.851 0.803
13 24 0.015 0.014
13 25 0.478 0.432
13 26 0.522 0.438
13 27 0.403 0.380
13 28 0.015 0.014
13 29 0.522 0.412
13 30 0.358 0.320
13 31 0.015 0.014
13 32 0.269 0.281
13 33 0.000 0.000
13 34 0.373 0.385
13 35 0.000 0.000
13 36 0.657 0.557
13 37 0.000 0.000
13 38 0.388 0.413
13 39 0.358 0.300
13 40 0.015 0.011
13 41 0.030 0.032
13 42 0.045 0.045
13 43 0.045 0.035
13 44 0.060 0.053
13 45 0.015 0.020
13 46 0.000 0.000
13 47 0.000 0.000
13 48 0.060 0.049
13 49 0.015 0.016
13 50 0.806 0.593
13 51 0.015 0.014
13 52 0.015 0.014
13 53 0.627 0.500
13 54 0.075 0.082
13 55 0.000 0.000
13 56 0.015 0.012
13 57 0.403 0.365
13 58 0.030 0.037
13 59 0.045 0.051
13 60 0.030 0.025
13 61 0.060 0.049
13 62 0.149 0.106
13 63 0.522 0.389
13 64 0.000 0.000
13 65 0.269 0.273
13 66 0.015 0.020
13 67 0.388 0.338
13 68 0.433 0.468
13 69 0.000 0.000
13 70 0.000 0.000
13 71 0.478 0.471
13 72 0.000 0.000
13 73 0.358 0.304
13 74 0.119 0.095
13 75 0.493 0.407
13 76 0.657 0.638
13 77 0.015 0.016
13 78 0.328 0.314
13 79 0.299 0.308
13 80 0.000 0.000
13 81 0.373 0.266
13 82 0.075 0.054
13 83 0.373 0.352
13 84 0.000 0.000
13 85 0.030 0.039
13 86 0.000 0.000
13 87 0.000 0.000
13 88 0.000 0.000
13 89 0.806 0.720
13 90 0.000 0.000
13 91 0.000 0.000
13 92 0.015 0.020
13 93 0.463 0.492
13 94 0.000 0.000
13 95 0.000 0.000
13 96 0.000 0.000
13 97 0.000 0.000
13 98 0.313 0.350
13 99 0.134 0.110
13 100 0.373 0.403
13 101 0.015 0.014
13 102 0.000 0.000
13 103 0.433 0.392
13 104 0.612 0.471
13 105 0.000 0.000
13 106 0.075 0.057
14 15 0.863 0.926
14 16 0.000 0.000
14 17 0.205 0.254
14 18 0.315 0.288
14 19 0.192 0.182
14 20 0.192 0.161
14 21 0.466 0.507
14 22 0.164 0.152
14 23 0.247 0.254
14 24 0.027 0.029
14 25 0.137 0.135
14 26 0.151 0.138
14 27 0.192 0.197
14 28 0.082 0.083
14 29 0.192 0.165
14 30 0.192 0.187
14 31 0.014 0.014
14 32 0.712 0.812
14 33 0.000 0.000
14 34 0.178 0.200
14 35 0.110 0.131
14 36 0.260 0.241
14 37 0.000 0.000
14 38 0.192 0.222
14 39 0.603 0.550
14 40 0.123 0.099
14 41 0.082 0.097
14 42 0.055 0.060
14 43 0.178 0.153
14 44 0.000 0.000
14 45 0.055 0.078
14 46 0.000 0.000
14 47 0.000 0.000
14 48 0.082 0.074
14 49 0.014 0.016
14 50 0.370 0.297
14 51 0.123 0.127
14 52 0.055 0.058
14 53 0.192 0.167
14 54 0.055 0.066
14 55 0.000 0.000
14 56 0.096 0.082
14 57 0.767 0.757
14 58 0.041 0.056
14 59 0.041 0.051
14 60 0.055 0.049
14 61 0.000 0.000
14 62 0.110 0.085
14 63 0.575 0.467
14 64 0.000 0.000
14 65 0.521 0.576
14 66 0.055 0.078
14 67 0.712 0.675
14 68 0.219 0.258
14 69 0.000 0.000
14 70 0.000 0.000
14 71 0.233 0.250
14 72 0.027 0.021
14 73 0.712 0.658
14 74 0.233 0.202
14 75 0.479 0.432
14 76 0.329 0.348
14 77 0.055 0.062
14 78 0.863 0.900
14 79 0.699 0.785
14 80 0.000 0.000
14 81 0.192 0.149
14 82 0.096 0.076
14 83 0.192 0.197
14 84 0.123 0.130
14 85 0.055 0.078
14 86 0.000 0.000
14 87 0.000 0.000
14 88 0.096 0.103
14 89 0.315 0.307
14 90 0.000 0.000
14 91 0.000 0.000
14 92 0.041 0.061
14 93 0.164 0.190
14 94 0.055 0.045
14 95 0.000 0.000
14 96 0.000 0.000
14 97 0.000 0.000
14 98 0.726 0.883
14 99 0.110 0.098
14 100 0.575 0.677
14 101 0.123 0.123
14 102 0.055 0.045
14 103 0.164 0.162
14 104 0.219 0.184
14 105 0.000 0.000
14 106 0.082 0.069
15 16 0.000 0.000
15 17 0.147 0.169
15 18 0.279 0.238
15 19 0.176 0.156
15 20 0.176 0.138
15 21 0.471 0.478
15 22 0.176 0.152
15 23 0.206 0.197
15 24 0.044 0.043
15 25 0.088 0.081
15 26 0.103 0.088
15 27 0.176 0.169
15 28 0.074 0.069
15 29 0.132 0.106
15 30 0.132 0.120
15 31 0.029 0.029
15 32 0.691 0.734
15 33 0.000 0.000
15 34 0.132 0.138
15 35 0.132 0.148
15 36 0.206 0.177
15 37 0.000 0.000
15 38 0.132 0.143
15 39 0.574 0.488
15 40 0.132 0.099
15 41 0.088 0.097
15 42 0.044 0.045
15 43 0.206 0.165
15 44 0.000 0.000
15 45 0.059 0.078
15 46 0.000 0.000
15 47 0.000 0.000
15 48 0.059 0.049
15 49 0.015 0.016
15 50 0.324 0.242
15 51 0.118 0.113
15 52 0.059 0.058
15 53 0.147 0.119
15 54 0.044 0.049
15 55 0.000 0.000
15 56 0.088 0.071
15 57 0.750 0.689
15 58 0.044 0.056
15 59 0.044 0.051
15 60 0.059 0.049
15 61 0.000 0.000
15 62 0.074 0.053
15 63 0.574 0.433
15 64 0.000 0.000
15 65 0.471 0.485
15 66 0.059 0.078
15 67 0.676 0.597
15 68 0.176 0.194
15 69 0.000 0.000
15 70 0.000 0.000
15 71 0.191 0.191
15 72 0.044 0.032
15 73 0.676 0.582
15 74 0.250 0.202
15 75 0.485 0.407
15 76 0.309 0.304
15 77 0.059 0.062
15 78 0.824 0.800
15 79 0.647 0.677
15 80 0.000 0.000
15 81 0.176 0.128
15 82 0.088 0.065
15 83 0.176 0.169
15 84 0.147 0.145
15 85 0.059 0.078
15 86 0.000 0.000
15 87 0.000 0.000
15 88 0.088 0.088
15 89 0.279 0.253
15 90 0.000 0.000
15 91 0.000 0.000
15 92 0.029 0.041
15 93 0.132 0.143
15 94 0.044 0.034
15 95 0.000 0.000
15 96 0.000 0.000
15 97 0.000 0.000
15 98 0.750 0.850
15 99 0.074 0.061
15 100 0.559 0.613
15 101 0.147 0.137
15 102 0.044 0.034
15 103 0.103 0.095
15 104 0.162 0.126
15 105 0.000 0.000
15 106 0.074 0.057
16 17 0.000 0.000
16 18 0.000 0.000
16 19 0.000 0.000
16 20 0.000 0.000
16 21 0.000 0.000
16 22 0.000 0.000
16 23 0.000 0.000
16 24 0.000 0.000
16 25 0.000 0.000
16 26 0.000 0.000
16 27 0.000 0.000
16 28 0.000 0.000
16 29 0.000 0.000
16 30 0.000 0.000
16 31 0.000 0.000
16 32 0.000 0.000
16 33 0.000 0.000
16 34 0.000 0.000
16 35 0.000 0.000
16 36 0.000 0.000
16 37 0.877 0.833
16 38 0.000 0.000
16 39 0.000 0.000
16 40 0.000 0.000
16 41 0.000 0.000
16 42 0.000 0.000
16 43 0.000 0.000
16 44 0.000 0.000
16 45 0.000 0.000
16 46 0.000 0.000
16 47 0.000 0.000
16 48 0.000 0.000
16 49 0.000 0.000
16 50 0.000 0.000
16 51 0.000 0.000
16 52 0.000 0.000
16 53 0.000 0.000
16 54 0.000 0.000
16 55 0.000 0.000
16 56 0.000 0.000
16 57 0.000 0.000
16 58 0.000 0.000
16 59 0.000 0.000
16 60 0.000 0.000
16 61 0.000 0.000
16 62 0.000 0.000
16 63 0.000 0.000
16 64 0.000 0.000
16 65 0.000 0.000
16 66 0.000 0.000
16 67 0.000 0.000
16 68 0.000 0.000
16 69 0.000 0.000
16 70 0.000 0.000
16 71 0.000 0.000
16 72 0.000 0.000
16 73 0.000 0.000
16 74 0.000 0.000
16 75 0.000 0.000
16 76 0.000 0.000
16 77 0.000 0.000
16 78 0.000 0.000
16 79 0.000 0.000
16 80 0.000 0.000
16 81 0.000 0.000
16 82 0.000 0.000
16 83 0.000 0.000
16 84 0.000 0.000
16 85 0.000 0.000
16 86 0.000 0.000
16 87 0.000 0.000
16 88 0.000 0.000
16 89 0.000 0.000
16 90 0.000 0.000
16 91 0.912 0.765
16 92 0.000 0.000
16 93 0.000 0.000
16 94 0.000 0.000
16 95 0.000 0.000
16 96 0.000 0.000
16 97 0.000 0.000
16 98 0.000 0.000
16 99 0.000 0.000
16 100 0.000 0.000
16 101 0.000 0.000
16 102 0.000 0.000
16 103 0.000 0.000
16 104 0.000 0.000
16 105 0.000 0.000
16 106 0.000 0.000
17 18 0.644 0.475
17 19 0.695 0.532
17 20 0.576 0.391
17 21 0.203 0.179
17 22 0.102 0.076
17 23 0.729 0.606
17 24 0.017 0.014
17 25 0.644 0.514
17 26 0.763 0.562
17 27 0.542 0.451
17 28 0.102 0.083
17 29 0.898 0.624
17 30 0.763 0.600
17 31 0.017 0.014
17 32 0.220 0.203
17 33 0.000 0.000
17 34 0.864 0.785
17 35 0.000 0.000
17 36 0.763 0.570
17 37 0.000 0.000
17 38 0.831 0.778
17 39 0.356 0.263
17 40 0.034 0.022
17 41 0.051 0.048
17 42 0.051 0.045
17 43 0.017 0.012
17 44 0.068 0.053
17 45 0.085 0.098
17 46 0.000 0.000
17 47 0.000 0.000
17 48 0.169 0.123
17 49 0.051 0.047
17 50 0.627 0.407
17 51 0.000 0.000
17 52 0.017 0.014
17 53 0.797 0.560
17 54 0.085 0.082
17 55 0.000 0.000
17 56 0.051 0.035
17 57 0.288 0.230
17 58 0.085 0.093
17 59 0.102 0.102
17 60 0.051 0.037
17 61 0.017 0.012
17 62 0.424 0.266
17 63 0.373 0.244
17 64 0.000 0.000
17 65 0.288 0.258
17 66 0.085 0.098
17 67 0.305 0.234
17 68 0.644 0.613
17 69 0.000 0.000
17 70 0.000 0.000
17 71 0.610 0.529
17 72 0.000 0.000
17 73 0.356 0.266
17 74 0.102 0.071
17 75 0.339 0.247
17 76 0.475 0.406
17 77 0.051 0.047
17 78 0.254 0.214
17 79 0.305 0.277
17 80 0.000 0.000
17 81 0.525 0.330
17 82 0.102 0.065
17 83 0.610 0.507
17 84 0.000 0.000
17 85 0.085 0.098
17 86 0.000 0.000
17 87 0.000 0.000
17 88 0.000 0.000
17 89 0.492 0.387
17 90 0.000 0.000
17 91 0.000 0.000
17 92 0.034 0.041
17 93 0.593 0.556
17 94 0.000 0.000
17 95 0.000 0.000
17 96 0.000 0.000
17 97 0.000 0.000
17 98 0.203 0.200
17 99 0.373 0.268
17 100 0.305 0.290
17 101 0.017 0.014
17 102 0.000 0.000
17 103 0.881 0.703
17 104 0.932 0.632
17 105 0.000 0.000
17 106 0.102 0.069
18 19 0.488 0.506
18 20 0.400 0.368
18 21 0.250 0.299
18 22 0.088 0.089
18 23 0.800 0.901
18 24 0.025 0.029
18 25 0.438 0.473
18 26 0.500 0.500
18 27 0.438 0.493
18 28 0.050 0.056
18 29 0.562 0.529
18 30 0.450 0.480
18 31 0.025 0.029
18 32 0.275 0.344
18 33 0.000 0.000
18 34 0.413 0.508
18 35 0.000 0.000
18 36 0.713 0.722
18 37 0.000 0.000
18 38 0.450 0.571
18 39 0.363 0.363
18 40 0.025 0.022
18 41 0.062 0.081
18 42 0.050 0.060
18 43 0.050 0.047
18 44 0.050 0.053
18 45 0.050 0.078
18 46 0.000 0.000
18 47 0.000 0.000
18 48 0.125 0.123
18 49 0.038 0.047
18 50 0.850 0.747
18 51 0.013 0.014
18 52 0.025 0.029
18 53 0.613 0.583
18 54 0.075 0.098
18 55 0.000 0.000
18 56 0.050 0.047
18 57 0.413 0.446
18 58 0.050 0.074
18 59 0.050 0.068
18 60 0.062 0.062
18 61 0.050 0.049
18 62 0.200 0.170
18 63 0.475 0.422
18 64 0.000 0.000
18 65 0.288 0.348
18 66 0.050 0.078
18 67 0.388 0.403
18 68 0.463 0.597
18 69 0.000 0.000
18 70 0.000 0.000
18 71 0.463 0.544
18 72 0.000 0.000
18 73 0.375 0.380
18 74 0.113 0.107
18 75 0.413 0.407
18 76 0.688 0.797
18 77 0.050 0.062
18 78 0.338 0.386
18 79 0.300 0.369
18 80 0.000 0.000
18 81 0.425 0.362
18 82 0.075 0.065
18 83 0.438 0.493
18 84 0.000 0.000
18 85 0.062 0.098
18 86 0.000 0.000
18 87 0.000 0.000
18 88 0.025 0.029
18 89 0.812 0.867
18 90 0.000 0.000
18 91 0.000 0.000
18 92 0.038 0.061
18 93 0.400 0.508
18 94 0.000 0.000
18 95 0.000 0.000
18 96 0.000 0.000
18 97 0.000 0.000
18 98 0.300 0.400
18 99 0.188 0.183
18 100 0.400 0.516
18 101 0.013 0.014
18 102 0.000 0.000
18 103 0.463 0.500
18 104 0.650 0.598
18 105 0.000 0.000
18 106 0.075 0.069
19 20 0.844 0.747
19 21 0.156 0.179
19 22 0.039 0.038
19 23 0.468 0.507
19 24 0.000 0.000
19 25 0.545 0.568
19 26 0.649 0.625
19 27 0.805 0.873
19 28 0.065 0.069
19 29 0.649 0.588
19 30 0.532 0.547
19 31 0.000 0.000
19 32 0.182 0.219
19 33 0.000 0.000
19 34 0.519 0.615
19 35 0.000 0.000
19 36 0.571 0.557
19 37 0.000 0.000
19 38 0.519 0.635
19 39 0.156 0.150
19 40 0.000 0.000
19 41 0.052 0.065
19 42 0.026 0.030
19 43 0.026 0.024
19 44 0.104 0.107
19 45 0.052 0.078
19 46 0.000 0.000
19 47 0.000 0.000
19 48 0.143 0.136
19 49 0.026 0.031
19 50 0.455 0.385
19 51 0.000 0.000
19 52 0.026 0.029
19 53 0.610 0.560
19 54 0.078 0.098
19 55 0.000 0.000
19 56 0.052 0.047
19 57 0.156 0.162
19 58 0.078 0.111
19 59 0.078 0.102
19 60 0.052 0.049
19 61 0.000 0.000
19 62 0.260 0.213
19 63 0.182 0.156
19 64 0.000 0.000
19 65 0.104 0.121
19 66 0.065 0.098
19 67 0.130 0.130
19 68 0.753 0.935
19 69 0.000 0.000
19 70 0.000 0.000
19 71 0.779 0.882
19 72 0.000 0.000
19 73 0.182 0.177
19 74 0.091 0.083
19 75 0.143 0.136
19 76 0.299 0.333
19 77 0.052 0.062
19 78 0.182 0.200
19 79 0.182 0.215
19 80 0.000 0.000
19 81 0.831 0.681
19 82 0.065 0.054
19 83 0.818 0.887
19 84 0.000 0.000
19 85 0.065 0.098
19 86 0.000 0.000
19 87 0.000 0.000
19 88 0.000 0.000
19 89 0.416 0.427
19 90 0.000 0.000
19 91 0.000 0.000
19 92 0.026 0.041
19 93 0.623 0.762
19 94 0.000 0.000
19 95 0.000 0.000
19 96 0.000 0.000
19 97 0.000 0.000
19 98 0.143 0.183
19 99 0.247 0.232
19 100 0.156 0.194
19 101 0.000 0.000
19 102 0.000 0.000
19 103 0.636 0.662
19 104 0.649 0.575
19 105 0.000 0.000
19 106 0.065 0.057
20 21 0.115 0.149
20 22 0.034 0.038
20 23 0.345 0.423
20 24 0.000 0.000
20 25 0.471 0.554
20 26 0.552 0.600
20 27 0.747 0.915
20 28 0.046 0.056
20 29 0.598 0.612
20 30 0.506 0.587
20 31 0.000 0.000
20 32 0.161 0.219
20 33 0.000 0.000
20 34 0.471 0.631
20 35 0.000 0.000
20 36 0.471 0.519
20 37 0.000 0.000
20 38 0.448 0.619
20 39 0.115 0.125
20 40 0.000 0.000
20 41 0.023 0.032
20 42 0.034 0.045
20 43 0.023 0.024
20 44 0.092 0.107
20 45 0.034 0.059
20 46 0.000 0.000
20 47 0.000 0.000
20 48 0.207 0.222
20 49 0.011 0.016
20 50 0.379 0.363
20 51 0.000 0.000
20 52 0.000 0.000
20 53 0.517 0.536
20 54 0.080 0.115
20 55 0.000 0.000
20 56 0.023 0.024
20 57 0.138 0.162
20 58 0.069 0.111
20 59 0.080 0.119
20 60 0.023 0.025
20 61 0.011 0.012
20 62 0.287 0.266
20 63 0.138 0.133
20 64 0.000 0.000
20 65 0.103 0.136
20 66 0.046 0.078
20 67 0.115 0.130
20 68 0.609 0.855
20 69 0.000 0.000
20 70 0.000 0.000
20 71 0.644 0.824
20 72 0.000 0.000
20 73 0.161 0.177
20 74 0.103 0.107
20 75 0.103 0.111
20 76 0.207 0.261
20 77 0.023 0.031
20 78 0.161 0.200
20 79 0.172 0.231
20 80 0.000 0.000
20 81 0.897 0.830
20 82 0.080 0.076
20 83 0.724 0.887
20 84 0.000 0.000
20 85 0.034 0.059
20 86 0.000 0.000
20 87 0.000 0.000
20 88 0.000 0.000
20 89 0.345 0.400
20 90 0.000 0.000
20 91 0.000 0.000
20 92 0.023 0.041
20 93 0.494 0.683
20 94 0.000 0.000
20 95 0.000 0.000
20 96 0.000 0.000
20 97 0.000 0.000
20 98 0.138 0.200
20 99 0.299 0.317
20 100 0.138 0.194
20 101 0.000 0.000
20 102 0.000 0.000
20 103 0.563 0.662
20 104 0.529 0.529
20 105 0.000 0.000
20 106 0.080 0.080
21 22 0.119 0.101
21 23 0.209 0.197
21 24 0.015 0.014
21 25 0.075 0.068
21 26 0.119 0.100
21 27 0.149 0.141
21 28 0.164 0.153
21 29 0.179 0.141
21 30 0.164 0.147
21 31 0.015 0.014
21 32 0.657 0.688
21 33 0.000 0.000
21 34 0.164 0.169
21 35 0.030 0.033
21 36 0.194 0.165
21 37 0.000 0.000
21 38 0.179 0.190
21 39 0.821 0.688
21 40 0.060 0.044
21 41 0.134 0.145
21 42 0.015 0.015
21 43 0.119 0.094
21 44 0.045 0.040
21 45 0.119 0.157
21 46 0.000 0.000
21 47 0.000 0.000
21 48 0.015 0.012
21 49 0.075 0.078
21 50 0.343 0.253
21 51 0.104 0.099
21 52 0.075 0.072
21 53 0.134 0.107
21 54 0.030 0.033
21 55 0.000 0.000
21 56 0.149 0.118
21 57 0.627 0.568
21 58 0.104 0.130
21 59 0.104 0.119
21 60 0.119 0.099
21 61 0.000 0.000
21 62 0.045 0.032
21 63 0.731 0.544
21 64 0.000 0.000
21 65 0.642 0.652
21 66 0.104 0.137
21 67 0.597 0.519
21 68 0.194 0.210
21 69 0.000 0.000
21 70 0.000 0.000
21 71 0.164 0.162
21 72 0.030 0.021
21 73 0.836 0.709
21 74 0.090 0.071
21 75 0.627 0.519
21 76 0.388 0.377
21 77 0.104 0.109
21 78 0.493 0.471
21 79 0.537 0.554
21 80 0.000 0.000
21 81 0.149 0.106
21 82 0.045 0.033
21 83 0.164 0.155
21 84 0.030 0.029
21 85 0.119 0.157
21 86 0.000 0.000
21 87 0.000 0.000
21 88 0.134 0.132
21 89 0.239 0.213
21 90 0.000 0.000
21 91 0.000 0.000
21 92 0.179 0.245
21 93 0.104 0.111
21 94 0.030 0.022
21 95 0.000 0.000
21 96 0.000 0.000
21 97 0.000 0.000
21 98 0.373 0.417
21 99 0.030 0.024
21 100 0.448 0.484
21 101 0.045 0.041
21 102 0.045 0.034
21 103 0.119 0.108
21 104 0.164 0.126
21 105 0.000 0.000
21 106 0.045 0.034
22 23 0.076 0.085
22 24 0.013 0.014
22 25 0.051 0.054
22 26 0.051 0.050
22 27 0.038 0.042
22 28 0.063 0.069
22 29 0.063 0.059
22 30 0.063 0.067
22 31 0.000 0.000
22 32 0.139 0.172
22 33 0.000 0.000
22 34 0.076 0.092
22 35 0.139 0.180
22 36 0.089 0.089
22 37 0.000 0.000
22 38 0.063 0.079
22 39 0.177 0.175
22 40 0.430 0.374
22 41 0.076 0.097
22 42 0.203 0.239
22 43 0.063 0.059
22 44 0.013 0.013
22 45 0.051 0.078
22 46 0.000 0.000
22 47 0.025 0.026
22 48 0.038 0.037
22 49 0.038 0.047
22 50 0.101 0.088
22 51 0.076 0.085
22 52 0.063 0.072
22 53 0.076 0.071
22 54 0.051 0.066
22 55 0.000 0.000
22 56 0.089 0.082
22 57 0.152 0.162
22 58 0.000 0.000
22 59 0.000 0.000
22 60 0.063 0.062
22 61 0.000 0.000
22 62 0.051 0.043
22 63 0.152 0.133
22 64 0.000 0.000
22 65 0.177 0.212
22 66 0.025 0.039
22 67 0.152 0.156
22 68 0.063 0.081
22 69 0.000 0.000
22 70 0.000 0.000
22 71 0.063 0.074
22 72 0.228 0.191
22 73 0.165 0.165
22 74 0.304 0.286
22 75 0.139 0.136
22 76 0.101 0.116
22 77 0.051 0.062
22 78 0.127 0.143
22 79 0.177 0.215
22 80 0.000 0.000
22 81 0.038 0.032
22 82 0.278 0.239
22 83 0.038 0.042
22 84 0.190 0.217
22 85 0.051 0.078
22 86 0.000 0.000
22 87 0.000 0.000
22 88 0.038 0.044
22 89 0.076 0.080
22 90 0.000 0.000
22 91 0.000 0.000
22 92 0.013 0.020
22 93 0.063 0.079
22 94 0.190 0.169
22 95 0.000 0.000
22 96 0.051 0.068
22 97 0.000 0.000
22 98 0.127 0.167
22 99 0.038 0.037
22 100 0.127 0.161
22 101 0.278 0.301
22 102 0.190 0.170
22 103 0.051 0.054
22 104 0.076 0.069
22 105 0.000 0.000
22 106 0.266 0.241
23 24 0.042 0.043
23 25 0.577 0.554
23 26 0.634 0.562
23 27 0.465 0.465
23 28 0.042 0.042
23 29 0.676 0.565
23 30 0.507 0.480
23 31 0.042 0.043
23 32 0.225 0.250
23 33 0.000 0.000
23 34 0.521 0.569
23 35 0.000 0.000
23 36 0.803 0.722
23 37 0.000 0.000
23 38 0.521 0.587
23 39 0.338 0.300
23 40 0.028 0.022
23 41 0.056 0.065
23 42 0.042 0.045
23 43 0.042 0.035
23 44 0.070 0.067
23 45 0.042 0.059
23 46 0.000 0.000
23 47 0.000 0.000
23 48 0.127 0.111
23 49 0.028 0.031
23 50 0.817 0.637
23 51 0.000 0.000
23 52 0.028 0.029
23 53 0.761 0.643
23 54 0.085 0.098
23 55 0.000 0.000
23 56 0.042 0.035
23 57 0.366 0.351
23 58 0.028 0.037
23 59 0.042 0.051
23 60 0.056 0.049
23 61 0.056 0.049
23 62 0.254 0.191
23 63 0.451 0.356
23 64 0.000 0.000
23 65 0.254 0.273
23 66 0.042 0.059
23 67 0.352 0.325
23 68 0.493 0.565
23 69 0.000 0.000
23 70 0.000 0.000
23 71 0.521 0.544
23 72 0.000 0.000
23 73 0.324 0.291
23 74 0.085 0.071
23 75 0.423 0.370
23 76 0.634 0.652
23 77 0.042 0.047
23 78 0.282 0.286
23 79 0.268 0.292
23 80 0.000 0.000
23 81 0.437 0.330
23 82 0.085 0.065
23 83 0.451 0.451
23 84 0.000 0.000
23 85 0.056 0.078
23 86 0.000 0.000
23 87 0.000 0.000
23 88 0.000 0.000
23 89 0.761 0.720
23 90 0.000 0.000
23 91 0.000 0.000
23 92 0.014 0.020
23 93 0.493 0.556
23 94 0.000 0.000
23 95 0.000 0.000
23 96 0.000 0.000
23 97 0.000 0.000
23 98 0.254 0.300
23 99 0.225 0.195
23 100 0.338 0.387
23 101 0.014 0.014
23 102 0.000 0.000
23 103 0.606 0.581
23 104 0.775 0.632
23 105 0.000 0.000
23 106 0.085 0.069
24 25 0.087 0.081
24 26 0.087 0.075
24 27 0.000 0.000
24 28 0.000 0.000
24 29 0.043 0.035
24 30 0.014 0.013
24 31 0.870 0.857
24 32 0.014 0.016
24 33 0.000 0.000
24 34 0.014 0.015
24 35 0.000 0.000
24 36 0.029 0.025
24 37 0.000 0.000
24 38 0.000 0.000
24 39 0.029 0.025
24 40 0.000 0.000
24 41 0.000 0.000
24 42 0.000 0.000
24 43 0.014 0.012
24 44 0.043 0.040
24 45 0.000 0.000
24 46 0.000 0.000
24 47 0.000 0.000
24 48 0.029 0.025
24 49 0.000 0.000
24 50 0.014 0.011
24 51 0.000 0.000
24 52 0.000 0.000
24 53 0.087 0.071
24 54 0.014 0.016
24 55 0.000 0.000
24 56 0.000 0.000
24 57 0.014 0.014
24 58 0.000 0.000
24 59 0.000 0.000
24 60 0.000 0.000
24 61 0.014 0.012
24 62 0.029 0.021
24 63 0.000 0.000
24 64 0.000 0.000
24 65 0.014 0.015
24 66 0.000 0.000
24 67 0.014 0.013
24 68 0.000 0.000
24 69 0.000 0.000
24 70 0.014 0.024
24 71 0.000 0.000
24 72 0.000 0.000
24 73 0.014 0.013
24 74 0.029 0.024
24 75 0.000 0.000
24 76 0.000 0.000
24 77 0.000 0.000
24 78 0.014 0.014
24 79 0.029 0.031
24 80 0.116 0.140
24 81 0.000 0.000
24 82 0.000 0.000
24 83 0.000 0.000
24 84 0.000 0.000
24 85 0.000 0.000
24 86 0.000 0.000
24 87 0.000 0.000
24 88 0.000 0.000
24 89 0.014 0.013
24 90 0.000 0.000
24 91 0.000 0.000
24 92 0.000 0.000
24 93 0.043 0.048
24 94 0.000 0.000
24 95 0.000 0.000
24 96 0.000 0.000
24 97 0.000 0.000
24 98 0.014 0.017
24 99 0.014 0.012
24 100 0.000 0.000
24 101 0.000 0.000
24 102 0.000 0.000
24 103 0.058 0.054
24 104 0.058 0.046
24 105 0.000 0.000
24 106 0.000 0.000
25 26 0.905 0.838
25 27 0.568 0.592
25 28 0.000 0.000
25 29 0.689 0.600
25 30 0.500 0.493
25 31 0.068 0.071
25 32 0.095 0.109
25 33 0.000 0.000
25 34 0.514 0.585
25 35 0.000 0.000
25 36 0.595 0.557
25 37 0.000 0.000
25 38 0.446 0.524
25 39 0.135 0.125
25 40 0.014 0.011
25 41 0.000 0.000
25 42 0.041 0.045
25 43 0.041 0.035
25 44 0.054 0.053
25 45 0.000 0.000
25 46 0.000 0.000
25 47 0.000 0.000
25 48 0.149 0.136
25 49 0.000 0.000
25 50 0.419 0.341
25 51 0.000 0.000
25 52 0.000 0.000
25 53 0.878 0.774
25 54 0.095 0.115
25 55 0.000 0.000
25 56 0.000 0.000
25 57 0.135 0.135
25 58 0.041 0.056
25 59 0.041 0.051
25 60 0.000 0.000
25 61 0.068 0.061
25 62 0.351 0.277
25 63 0.162 0.133
25 64 0.000 0.000
25 65 0.108 0.121
25 66 0.000 0.000
25 67 0.135 0.130
25 68 0.527 0.629
25 69 0.000 0.000
25 70 0.014 0.024
25 71 0.581 0.632
25 72 0.000 0.000
25 73 0.135 0.127
25 74 0.068 0.060
25 75 0.149 0.136
25 76 0.243 0.261
25 77 0.000 0.000
25 78 0.135 0.143
25 79 0.135 0.154
25 80 0.000 0.000
25 81 0.541 0.426
25 82 0.095 0.076
25 83 0.500 0.521
25 84 0.000 0.000
25 85 0.000 0.000
25 86 0.000 0.000
25 87 0.000 0.000
25 88 0.000 0.000
25 89 0.419 0.413
25 90 0.000 0.000
25 91 0.000 0.000
25 92 0.000 0.000
25 93 0.703 0.825
25 94 0.000 0.000
25 95 0.000 0.000
25 96 0.000 0.000
25 97 0.000 0.000
25 98 0.135 0.167
25 99 0.324 0.293
25 100 0.122 0.145
25 101 0.014 0.014
25 102 0.000 0.000
25 103 0.703 0.703
25 104 0.689 0.586
25 105 0.000 0.000
25 106 0.095 0.080
26 27 0.575 0.648
26 28 0.025 0.028
26 29 0.750 0.706
26 30 0.525 0.560
26 31 0.062 0.071
26 32 0.113 0.141
26 33 0.000 0.000
26 34 0.588 0.723
26 35 0.000 0.000
26 36 0.613 0.620
26 37 0.000 0.000
26 38 0.513 0.651
26 39 0.163 0.163
26 40 0.013 0.011
26 41 0.025 0.032
26 42 0.038 0.045
26 43 0.038 0.035
26 44 0.088 0.093
26 45 0.025 0.039
26 46 0.000 0.000
26 47 0.000 0.000
26 48 0.150 0.148
26 49 0.013 0.016
26 50 0.450 0.396
26 51 0.000 0.000
26 52 0.000 0.000
26 53 0.863 0.821
26 54 0.088 0.115
26 55 0.000 0.000
26 56 0.013 0.012
26 57 0.163 0.176
26 58 0.038 0.056
26 59 0.050 0.068
26 60 0.025 0.025
26 61 0.038 0.037
26 62 0.350 0.298
26 63 0.188 0.167
26 64 0.000 0.000
26 65 0.138 0.167
26 66 0.025 0.039
26 67 0.163 0.169
26 68 0.537 0.694
26 69 0.000 0.000
26 70 0.013 0.024
26 71 0.600 0.706
26 72 0.000 0.000
26 73 0.175 0.177
26 74 0.075 0.071
26 75 0.175 0.173
26 76 0.263 0.304
26 77 0.013 0.016
26 78 0.138 0.157
26 79 0.150 0.185
26 80 0.000 0.000
26 81 0.562 0.479
26 82 0.088 0.076
26 83 0.562 0.634
26 84 0.000 0.000
26 85 0.025 0.039
26 86 0.000 0.000
26 87 0.000 0.000
26 88 0.000 0.000
26 89 0.438 0.467
26 90 0.000 0.000
26 91 0.000 0.000
26 92 0.013 0.020
26 93 0.713 0.905
26 94 0.000 0.000
26 95 0.000 0.000
26 96 0.000 0.000
26 97 0.000 0.000
26 98 0.138 0.183
26 99 0.325 0.317
26 100 0.150 0.194
26 101 0.013 0.014
26 102 0.000 0.000
26 103 0.788 0.851
26 104 0.750 0.690
26 105 0.000 0.000
26 106 0.088 0.080
27 28 0.042 0.042
27 29 0.662 0.553
27 30 0.620 0.587
27 31 0.000 0.000
27 32 0.197 0.219
27 33 0.000 0.000
27 34 0.493 0.538
27 35 0.000 0.000
27 36 0.620 0.557
27 37 0.000 0.000
27 38 0.507 0.571
27 39 0.141 0.125
27 40 0.000 0.000
27 41 0.042 0.048
27 42 0.028 0.030
27 43 0.028 0.024
27 44 0.099 0.093
27 45 0.042 0.059
27 46 0.000 0.000
27 47 0.000 0.000
27 48 0.183 0.160
27 49 0.014 0.016
27 50 0.493 0.385
27 51 0.000 0.000
27 52 0.014 0.014
27 53 0.662 0.560
27 54 0.085 0.098
27 55 0.000 0.000
27 56 0.028 0.024
27 57 0.169 0.162
27 58 0.070 0.093
27 59 0.070 0.085
27 60 0.042 0.037
27 61 0.000 0.000
27 62 0.324 0.245
27 63 0.169 0.133
27 64 0.000 0.000
27 65 0.127 0.136
27 66 0.042 0.059
27 67 0.141 0.130
27 68 0.746 0.855
27 69 0.000 0.000
27 70 0.000 0.000
27 71 0.831 0.868
27 72 0.000 0.000
27 73 0.197 0.177
27 74 0.113 0.095
27 75 0.127 0.111
27 76 0.296 0.304
27 77 0.028 0.031
27 78 0.197 0.200
27 79 0.211 0.231
27 80 0.000 0.000
27 81 0.958 0.723
27 82 0.085 0.065
27 83 0.845 0.845
27 84 0.000 0.000
27 85 0.056 0.078
27 86 0.000 0.000
27 87 0.000 0.000
27 88 0.000 0.000
27 89 0.465 0.440
27 90 0.000 0.000
27 91 0.000 0.000
27 92 0.028 0.041
27 93 0.606 0.683
27 94 0.000 0.000
27 95 0.000 0.000
27 96 0.000 0.000
27 97 0.000 0.000
27 98 0.169 0.200
27 99 0.310 0.268
27 100 0.169 0.194
27 101 0.000 0.000
27 102 0.000 0.000
27 103 0.620 0.595
27 104 0.648 0.529
27 105 0.000 0.000
27 106 0.085 0.069
28 29 0.069 0.059
28 30 0.083 0.080
28 31 0.000 0.000
28 32 0.097 0.109
28 33 0.000 0.000
28 34 0.083 0.092
28 35 0.042 0.049
28 36 0.042 0.038
28 37 0.000 0.000
28 38 0.111 0.127
28 39 0.153 0.138
28 40 0.111 0.088
28 41 0.611 0.710
28 42 0.014 0.015
28 43 0.000 0.000
28 44 0.028 0.027
28 45 0.667 0.941
28 46 0.000 0.000
28 47 0.028 0.026
28 48 0.014 0.012
28 49 0.542 0.609
28 50 0.125 0.099
28 51 0.139 0.141
28 52 0.694 0.725
28 53 0.028 0.024
28 54 0.000 0.000
28 55 0.000 0.000
28 56 0.847 0.718
28 57 0.125 0.122
28 58 0.097 0.130
28 59 0.111 0.136
28 60 0.889 0.790
28 61 0.014 0.012
28 62 0.028 0.021
28 63 0.139 0.111
28 64 0.000 0.000
28 65 0.167 0.182
28 66 0.625 0.882
28 67 0.111 0.104
28 68 0.056 0.065
28 69 0.000 0.000
28 70 0.000 0.000
28 71 0.028 0.029
28 72 0.111 0.085
28 73 0.139 0.127
28 74 0.014 0.012
28 75 0.111 0.099
28 76 0.097 0.101
28 77 0.653 0.734
28 78 0.097 0.100
28 79 0.111 0.123
28 80 0.014 0.018
28 81 0.042 0.032
28 82 0.042 0.033
28 83 0.069 0.070
28 84 0.042 0.043
28 85 0.514 0.725
28 86 0.000 0.000
28 87 0.000 0.000
28 88 0.347 0.368
28 89 0.042 0.040
28 90 0.028 0.029
28 91 0.000 0.000
28 92 0.153 0.224
28 93 0.000 0.000
28 94 0.097 0.079
28 95 0.000 0.000
28 96 0.014 0.017
28 97 0.000 0.000
28 98 0.056 0.067
28 99 0.014 0.012
28 100 0.125 0.145
28 101 0.097 0.096
28 102 0.097 0.080
28 103 0.069 0.068
28 104 0.069 0.057
28 105 0.000 0.000
28 106 0.028 0.023
29 30 0.753 0.853
29 31 0.035 0.043
29 32 0.153 0.203
29 33 0.000 0.000
29 34 0.671 0.877
29 35 0.000 0.000
29 36 0.741 0.797
29 37 0.000 0.000
29 38 0.671 0.905
29 39 0.224 0.238
29 40 0.024 0.022
29 41 0.035 0.048
29 42 0.071 0.090
29 43 0.024 0.024
29 44 0.071 0.080
29 45 0.059 0.098
29 46 0.000 0.000
29 47 0.000 0.000
29 48 0.235 0.247
29 49 0.035 0.047
29 50 0.588 0.549
29 51 0.000 0.000
29 52 0.012 0.014
29 53 0.753 0.762
29 54 0.071 0.098
29 55 0.000 0.000
29 56 0.024 0.024
29 57 0.224 0.257
29 58 0.071 0.111
29 59 0.071 0.102
29 60 0.035 0.037
29 61 0.035 0.037
29 62 0.435 0.394
29 63 0.247 0.233
29 64 0.000 0.000
29 65 0.200 0.258
29 66 0.047 0.078
29 67 0.212 0.234
29 68 0.553 0.758
29 69 0.000 0.000
29 70 0.024 0.048
29 71 0.506 0.632
29 72 0.000 0.000
29 73 0.235 0.253
29 74 0.094 0.095
29 75 0.212 0.222
29 76 0.341 0.420
29 77 0.024 0.031
29 78 0.188 0.229
29 79 0.200 0.262
29 80 0.000 0.000
29 81 0.565 0.511
29 82 0.118 0.109
29 83 0.612 0.732
29 84 0.000 0.000
29 85 0.047 0.078
29 86 0.000 0.000
29 87 0.000 0.000
29 88 0.000 0.000
29 89 0.447 0.507
29 90 0.000 0.000
29 91 0.000 0.000
29 92 0.024 0.041
29 93 0.518 0.698
29 94 0.000 0.000
29 95 0.000 0.000
29 96 0.000 0.000
29 97 0.000 0.000
29 98 0.153 0.217
29 99 0.365 0.378
29 100 0.212 0.290
29 101 0.012 0.014
29 102 0.000 0.000
29 103 0.741 0.851
29 104 0.882 0.862
29 105 0.000 0.000
29 106 0.106 0.103
30 31 0.013 0.014
30 32 0.187 0.219
30 33 0.000 0.000
30 34 0.680 0.785
30 35 0.000 0.000
30 36 0.747 0.709
30 37 0.000 0.000
30 38 0.747 0.889
30 39 0.267 0.250
30 40 0.040 0.033
30 41 0.040 0.048
30 42 0.080 0.090
30 43 0.000 0.000
30 44 0.067 0.067
30 45 0.080 0.118
30 46 0.000 0.000
30 47 0.000 0.000
30 48 0.333 0.309
30 49 0.040 0.047
30 50 0.627 0.516
30 51 0.000 0.000
30 52 0.013 0.014
30 53 0.613 0.548
30 54 0.040 0.049
30 55 0.000 0.000
30 56 0.027 0.024
30 57 0.240 0.243
30 58 0.093 0.130
30 59 0.093 0.119
30 60 0.040 0.037
30 61 0.013 0.012
30 62 0.533 0.426
30 63 0.253 0.211
30 64 0.000 0.000
30 65 0.240 0.273
30 66 0.067 0.098
30 67 0.240 0.234
30 68 0.533 0.645
30 69 0.000 0.000
30 70 0.013 0.024
30 71 0.467 0.515
30 72 0.000 0.000
30 73 0.280 0.266
30 74 0.093 0.083
30 75 0.213 0.198
30 76 0.413 0.449
30 77 0.027 0.031
30 78 0.213 0.229
30 79 0.253 0.292
30 80 0.000 0.000
30 81 0.587 0.468
30 82 0.133 0.109
30 83 0.613 0.648
30 84 0.000 0.000
30 85 0.067 0.098
30 86 0.000 0.000
30 87 0.000 0.000
30 88 0.000 0.000
30 89 0.467 0.467
30 90 0.000 0.000
30 91 0.000 0.000
30 92 0.040 0.061
30 93 0.373 0.444
30 94 0.000 0.000
30 95 0.000 0.000
30 96 0.000 0.000
30 97 0.000 0.000
30 98 0.160 0.200
30 99 0.467 0.427
30 100 0.253 0.306
30 101 0.013 0.014
30 102 0.000 0.000
30 103 0.653 0.662
30 104 0.800 0.690
30 105 0.000 0.000
30 106 0.120 0.103
31 32 0.014 0.016
31 33 0.000 0.000
31 34 0.014 0.015
31 35 0.000 0.000
31 36 0.029 0.025
31 37 0.000 0.000
31 38 0.000 0.000
31 39 0.014 0.013
31 40 0.000 0.000
31 41 0.000 0.000
31 42 0.000 0.000
31 43 0.014 0.012
31 44 0.043 0.040
31 45 0.000 0.000
31 46 0.000 0.000
31 47 0.000 0.000
31 48 0.029 0.025
31 49 0.000 0.000
31 50 0.014 0.011
31 51 0.000 0.000
31 52 0.000 0.000
31 53 0.071 0.060
31 54 0.014 0.016
31 55 0.000 0.000
31 56 0.000 0.000
31 57 0.014 0.014
31 58 0.000 0.000
31 59 0.000 0.000
31 60 0.000 0.000
31 61 0.014 0.012
31 62 0.029 0.021
31 63 0.000 0.000
31 64 0.000 0.000
31 65 0.000 0.000
31 66 0.000 0.000
31 67 0.014 0.013
31 68 0.000 0.000
31 69 0.000 0.000
31 70 0.014 0.024
31 71 0.000 0.000
31 72 0.000 0.000
31 73 0.014 0.013
31 74 0.014 0.012
31 75 0.000 0.000
31 76 0.000 0.000
31 77 0.000 0.000
31 78 0.014 0.014
31 79 0.014 0.015
31 80 0.100 0.123
31 81 0.000 0.000
31 82 0.000 0.000
31 83 0.000 0.000
31 84 0.000 0.000
31 85 0.000 0.000
31 86 0.000 0.000
31 87 0.000 0.000
31 88 0.000 0.000
31 89 0.014 0.013
31 90 0.000 0.000
31 91 0.000 0.000
31 92 0.000 0.000
31 93 0.029 0.032
31 94 0.000 0.000
31 95 0.000 0.000
31 96 0.000 0.000
31 97 0.000 0.000
31 98 0.014 0.017
31 99 0.014 0.012
31 100 0.000 0.000
31 101 0.000 0.000
31 102 0.000 0.000
31 103 0.057 0.054
31 104 0.057 0.046
31 105 0.000 0.000
31 106 0.000 0.000
32 33 0.000 0.000
32 34 0.203 0.200
32 35 0.047 0.049
32 36 0.266 0.215
32 37 0.000 0.000
32 38 0.203 0.206
32 39 0.750 0.600
32 40 0.094 0.066
32 41 0.109 0.113
32 42 0.031 0.030
32 43 0.109 0.082
32 44 0.016 0.013
32 45 0.062 0.078
32 46 0.000 0.000
32 47 0.000 0.000
32 48 0.094 0.074
32 49 0.031 0.031
32 50 0.438 0.308
32 51 0.125 0.113
32 52 0.078 0.072
32 53 0.172 0.131
32 54 0.062 0.066
32 55 0.000 0.000
32 56 0.125 0.094
32 57 0.875 0.757
32 58 0.047 0.056
32 59 0.031 0.034
32 60 0.078 0.062
32 61 0.000 0.000
32 62 0.125 0.085
32 63 0.703 0.500
32 64 0.000 0.000
32 65 0.656 0.636
32 66 0.062 0.078
32 67 0.766 0.636
32 68 0.250 0.258
32 69 0.000 0.000
32 70 0.000 0.000
32 71 0.250 0.235
32 72 0.031 0.021
32 73 0.891 0.722
32 74 0.188 0.143
32 75 0.562 0.444
32 76 0.406 0.377
32 77 0.078 0.078
32 78 0.781 0.714
32 79 0.828 0.815
32 80 0.000 0.000
32 81 0.219 0.149
32 82 0.078 0.054
32 83 0.219 0.197
32 84 0.047 0.043
32 85 0.078 0.098
32 86 0.000 0.000
32 87 0.000 0.000
32 88 0.125 0.118
32 89 0.359 0.307
32 90 0.000 0.000
32 91 0.000 0.000
32 92 0.062 0.082
32 93 0.156 0.159
32 94 0.016 0.011
32 95 0.000 0.000
32 96 0.000 0.000
32 97 0.000 0.000
32 98 0.594 0.633
32 99 0.125 0.098
32 100 0.641 0.661
32 101 0.062 0.055
32 102 0.016 0.011
32 103 0.156 0.135
32 104 0.219 0.161
32 105 0.000 0.000
32 106 0.078 0.057
33 34 0.000 0.000
33 35 0.000 0.000
33 36 0.000 0.000
33 37 0.000 0.000
33 38 0.000 0.000
33 39 0.000 0.000
33 40 0.000 0.000
33 41 0.000 0.000
33 42 0.000 0.000
33 43 0.000 0.000
33 44 0.000 0.000
33 45 0.000 0.000
33 46 0.000 0.000
33 47 0.048 0.026
33 48 0.000 0.000
33 49 0.000 0.000
33 50 0.000 0.000
33 51 0.000 0.000
33 52 0.000 0.000
33 53 0.000 0.000
33 54 0.000 0.000
33 55 0.762 0.711
33 56 0.000 0.000
33 57 0.000 0.000
33 58 0.000 0.000
33 59 0.000 0.000
33 60 0.000 0.000
33 61 0.000 0.000
33 62 0.000 0.000
33 63 0.000 0.000
33 64 0.929 0.600
33 65 0.000 0.000
33 66 0.000 0.000
33 67 0.000 0.000
33 68 0.000 0.000
33 69 0.095 0.098
33 70 0.000 0.000
33 71 0.000 0.000
33 72 0.000 0.000
33 73 0.000 0.000
33 74 0.000 0.000
33 75 0.000 0.000
33 76 0.000 0.000
33 77 0.000 0.000
33 78 0.000 0.000
33 79 0.000 0.000
33 80 0.000 0.000
33 81 0.000 0.000
33 82 0.000 0.000
33 83 0.000 0.000
33 84 0.000 0.000
33 85 0.000 0.000
33 86 0.857 0.655
33 87 0.143 0.105
33 88 0.000 0.000
33 89 0.000 0.000
33 90 0.048 0.029
33 91 0.000 0.000
33 92 0.000 0.000
33 93 0.000 0.000
33 94 0.000 0.000
33 95 0.833 0.673
33 96 0.000 0.000
33 97 0.762 0.533
33 98 0.000 0.000
33 99 0.000 0.000
33 100 0.000 0.000
33 101 0.000 0.000
33 102 0.000 0.000
33 103 0.000 0.000
33 104 0.000 0.000
33 105 0.976 0.774
33 106 0.000 0.000
34 35 0.000 0.000
34 36 0.677 0.557
34 37 0.000 0.000
34 38 0.831 0.857
34 39 0.308 0.250
34 40 0.046 0.033
34 41 0.046 0.048
34 42 0.046 0.045
34 43 0.000 0.000
34 44 0.092 0.080
34 45 0.077 0.098
34 46 0.000 0.000
34 47 0.000 0.000
34 48 0.215 0.173
34 49 0.046 0.047
34 50 0.523 0.374
34 51 0.000 0.000
34 52 0.015 0.014
34 53 0.692 0.536
34 54 0.062 0.066
34 55 0.000 0.000
34 56 0.046 0.035
34 57 0.246 0.216
34 58 0.077 0.093
34 59 0.092 0.102
34 60 0.046 0.037
34 61 0.031 0.024
34 62 0.492 0.340
34 63 0.308 0.222
34 64 0.000 0.000
34 65 0.277 0.273
34 66 0.077 0.098
34 67 0.262 0.221
34 68 0.600 0.629
34 69 0.000 0.000
34 70 0.015 0.024
34 71 0.523 0.500
34 72 0.000 0.000
34 73 0.308 0.253
34 74 0.062 0.048
34 75 0.277 0.222
34 76 0.369 0.348
34 77 0.046 0.047
34 78 0.200 0.186
34 79 0.262 0.262
34 80 0.000 0.000
34 81 0.538 0.372
34 82 0.092 0.065
34 83 0.615 0.563
34 84 0.000 0.000
34 85 0.077 0.098
34 86 0.000 0.000
34 87 0.000 0.000
34 88 0.000 0.000
34 89 0.385 0.333
34 90 0.000 0.000
34 91 0.000 0.000
34 92 0.031 0.041
34 93 0.523 0.540
34 94 0.000 0.000
34 95 0.000 0.000
34 96 0.000 0.000
34 97 0.000 0.000
34 98 0.154 0.167
34 99 0.462 0.366
34 100 0.262 0.274
34 101 0.015 0.014
34 102 0.000 0.000
34 103 0.846 0.743
34 104 0.877 0.655
34 105 0.000 0.000
34 106 0.092 0.069
35 36 0.000 0.000
35 37 0.000 0.000
35 38 0.000 0.000
35 39 0.049 0.038
35 40 0.623 0.418
35 41 0.049 0.048
35 42 0.098 0.090
35 43 0.115 0.082
35 44 0.016 0.013
35 45 0.049 0.059
35 46 0.000 0.000
35 47 0.000 0.000
35 48 0.033 0.025
35 49 0.049 0.047
35 50 0.000 0.000
35 51 0.164 0.141
35 52 0.049 0.043
35 53 0.000 0.000
35 54 0.016 0.016
35 55 0.000 0.000
35 56 0.049 0.035
35 57 0.066 0.054
35 58 0.033 0.037
35 59 0.033 0.034
35 60 0.049 0.037
35 61 0.000 0.000
35 62 0.033 0.021
35 63 0.033 0.022
35 64 0.000 0.000
35 65 0.049 0.045
35 66 0.049 0.059
35 67 0.066 0.052
35 68 0.000 0.000
35 69 0.000 0.000
35 70 0.000 0.000
35 71 0.000 0.000
35 72 0.590 0.383
35 73 0.033 0.025
35 74 0.098 0.071
35 75 0.016 0.012
35 76 0.000 0.000
35 77 0.049 0.047
35 78 0.115 0.100
35 79 0.016 0.015
35 80 0.000 0.000
35 81 0.000 0.000
35 82 0.098 0.065
35 83 0.000 0.000
35 84 0.951 0.841
35 85 0.049 0.059
35 86 0.000 0.000
35 87 0.000 0.000
35 88 0.049 0.044
35 89 0.000 0.000
35 90 0.000 0.000
35 91 0.000 0.000
35 92 0.098 0.122
35 93 0.000 0.000
35 94 0.131 0.090
35 95 0.000 0.000
35 96 0.000 0.000
35 97 0.000 0.000
35 98 0.098 0.100
35 99 0.033 0.024
35 100 0.016 0.016
35 101 0.820 0.685
35 102 0.115 0.080
35 103 0.000 0.000
35 104 0.000 0.000
35 105 0.000 0.000
35 106 0.082 0.057
36 37 0.000 0.000
36 38 0.608 0.762
36 39 0.291 0.288
36 40 0.038 0.033
36 41 0.051 0.065
36 42 0.076 0.090
36 43 0.025 0.024
36 44 0.051 0.053
36 45 0.038 0.059
36 46 0.000 0.000
36 47 0.000 0.000
36 48 0.203 0.198
36 49 0.025 0.031
36 50 0.810 0.703
36 51 0.000 0.000
36 52 0.025 0.029
36 53 0.759 0.714
36 54 0.076 0.098
36 55 0.000 0.000
36 56 0.038 0.035
36 57 0.316 0.338
36 58 0.051 0.074
36 59 0.051 0.068
36 60 0.051 0.049
36 61 0.051 0.049
36 62 0.354 0.298
36 63 0.342 0.300
36 64 0.000 0.000
36 65 0.241 0.288
36 66 0.038 0.059
36 67 0.304 0.312
36 68 0.557 0.710
36 69 0.000 0.000
36 70 0.013 0.024
36 71 0.532 0.618
36 72 0.000 0.000
36 73 0.304 0.304
36 74 0.114 0.107
36 75 0.304 0.296
36 76 0.519 0.594
36 77 0.038 0.047
36 78 0.278 0.314
36 79 0.266 0.323
36 80 0.000 0.000
36 81 0.532 0.447
36 82 0.127 0.109
36 83 0.544 0.606
36 84 0.000 0.000
36 85 0.051 0.078
36 86 0.000 0.000
36 87 0.000 0.000
36 88 0.000 0.000
36 89 0.671 0.707
36 90 0.000 0.000
36 91 0.000 0.000
36 92 0.025 0.041
36 93 0.456 0.571
36 94 0.000 0.000
36 95 0.000 0.000
36 96 0.000 0.000
36 97 0.000 0.000
36 98 0.241 0.317
36 99 0.304 0.293
36 100 0.304 0.387
36 101 0.013 0.014
36 102 0.000 0.000
36 103 0.608 0.649
36 104 0.823 0.747
36 105 0.000 0.000
36 106 0.114 0.103
37 38 0.000 0.000
37 39 0.000 0.000
37 40 0.000 0.000
37 41 0.000 0.000
37 42 0.000 0.000
37 43 0.000 0.000
37 44 0.000 0.000
37 45 0.000 0.000
37 46 0.000 0.000
37 47 0.000 0.000
37 48 0.000 0.000
37 49 0.000 0.000
37 50 0.000 0.000
37 51 0.000 0.000
37 52 0.000 0.000
37 53 0.000 0.000
37 54 0.000 0.000
37 55 0.000 0.000
37 56 0.000 0.000
37 57 0.000 0.000
37 58 0.000 0.000
37 59 0.000 0.000
37 60 0.000 0.000
37 61 0.000 0.000
37 62 0.000 0.000
37 63 0.000 0.000
37 64 0.000 0.000
37 65 0.000 0.000
37 66 0.000 0.000
37 67 0.000 0.000
37 68 0.000 0.000
37 69 0.000 0.000
37 70 0.000 0.000
37 71 0.000 0.000
37 72 0.000 0.000
37 73 0.000 0.000
37 74 0.000 0.000
37 75 0.000 0.000
37 76 0.000 0.000
37 77 0.000 0.000
37 78 0.000 0.000
37 79 0.000 0.000
37 80 0.000 0.000
37 81 0.000 0.000
37 82 0.000 0.000
37 83 0.000 0.000
37 84 0.000 0.000
37 85 0.000 0.000
37 86 0.000 0.000
37 87 0.000 0.000
37 88 0.000 0.000
37 89 0.000 0.000
37 90 0.000 0.000
37 91 0.850 0.750
37 92 0.000 0.000
37 93 0.000 0.000
37 94 0.000 0.000
37 95 0.000 0.000
37 96 0.000 0.000
37 97 0.000 0.000
37 98 0.000 0.000
37 99 0.000 0.000
37 100 0.000 0.000
37 101 0.000 0.000
37 102 0.000 0.000
37 103 0.000 0.000
37 104 0.000 0.000
37 105 0.000 0.000
37 106 0.000 0.000
38 39 0.349 0.275
38 40 0.048 0.033
38 41 0.079 0.081
38 42 0.063 0.060
38 43 0.000 0.000
38 44 0.079 0.067
38 45 0.111 0.137
38 46 0.000 0.000
38 47 0.000 0.000
38 48 0.254 0.198
38 49 0.063 0.062
38 50 0.651 0.451
38 51 0.000 0.000
38 52 0.032 0.029
38 53 0.683 0.512
38 54 0.048 0.049
38 55 0.000 0.000
38 56 0.079 0.059
38 57 0.302 0.257
38 58 0.111 0.130
38 59 0.111 0.119
38 60 0.079 0.062
38 61 0.016 0.012
38 62 0.492 0.330
38 63 0.349 0.244
38 64 0.000 0.000
38 65 0.317 0.303
38 66 0.111 0.137
38 67 0.302 0.247
38 68 0.619 0.629
38 69 0.000 0.000
38 70 0.000 0.000
38 71 0.540 0.500
38 72 0.000 0.000
38 73 0.333 0.266
38 74 0.095 0.071
38 75 0.302 0.235
38 76 0.508 0.464
38 77 0.079 0.078
38 78 0.254 0.229
38 79 0.286 0.277
38 80 0.000 0.000
38 81 0.571 0.383
38 82 0.111 0.076
38 83 0.651 0.577
38 84 0.000 0.000
38 85 0.111 0.137
38 86 0.000 0.000
38 87 0.000 0.000
38 88 0.000 0.000
38 89 0.492 0.413
38 90 0.000 0.000
38 91 0.000 0.000
38 92 0.063 0.082
38 93 0.476 0.476
38 94 0.000 0.000
38 95 0.000 0.000
38 96 0.000 0.000
38 97 0.000 0.000
38 98 0.190 0.200
38 99 0.444 0.341
38 100 0.317 0.323
38 101 0.016 0.014
38 102 0.000 0.000
38 103 0.794 0.676
38 104 0.921 0.667
38 105 0.000 0.000
38 106 0.111 0.080
39 40 0.113 0.099
39 41 0.113 0.145
39 42 0.050 0.060
39 43 0.100 0.094
39 44 0.025 0.027
39 45 0.100 0.157
39 46 0.000 0.000
39 47 0.000 0.000
39 48 0.088 0.086
39 49 0.075 0.094
39 50 0.450 0.396
39 51 0.088 0.099
39 52 0.062 0.072
39 53 0.213 0.202
39 54 0.050 0.066
39 55 0.000 0.000
39 56 0.125 0.118
39 57 0.688 0.743
39 58 0.075 0.111
39 59 0.075 0.102
39 60 0.100 0.099
39 61 0.000 0.000
39 62 0.150 0.128
39 63 0.788 0.700
39 64 0.000 0.000
39 65 0.775 0.939
39 66 0.088 0.137
39 67 0.725 0.753
39 68 0.175 0.226
39 69 0.000 0.000
39 70 0.000 0.000
39 71 0.150 0.176
39 72 0.038 0.032
39 73 0.838 0.848
39 74 0.150 0.143
39 75 0.700 0.691
39 76 0.463 0.536
39 77 0.088 0.109
39 78 0.550 0.629
39 79 0.588 0.723
39 80 0.000 0.000
39 81 0.125 0.106
39 82 0.075 0.065
39 83 0.138 0.155
39 84 0.038 0.043
39 85 0.100 0.157
39 86 0.000 0.000
39 87 0.000 0.000
39 88 0.125 0.147
39 89 0.312 0.333
39 90 0.000 0.000
39 91 0.000 0.000
39 92 0.138 0.224
39 93 0.125 0.159
39 94 0.025 0.022
39 95 0.000 0.000
39 96 0.000 0.000
39 97 0.000 0.000
39 98 0.438 0.583
39 99 0.138 0.134
39 100 0.550 0.710
39 101 0.062 0.068
39 102 0.025 0.023
39 103 0.188 0.203
39 104 0.275 0.253
39 105 0.000 0.000
39 106 0.075 0.069
40 41 0.099 0.145
40 42 0.099 0.134
40 43 0.055 0.059
40 44 0.011 0.013
40 45 0.077 0.137
40 46 0.000 0.000
40 47 0.011 0.013
40 48 0.022 0.025
40 49 0.077 0.109
40 50 0.044 0.044
40 51 0.110 0.141
40 52 0.077 0.101
40 53 0.022 0.024
40 54 0.033 0.049
40 55 0.000 0.000
40 56 0.110 0.118
40 57 0.077 0.095
40 58 0.022 0.037
40 59 0.022 0.034
40 60 0.077 0.086
40 61 0.000 0.000
40 62 0.033 0.032
40 63 0.077 0.078
40 64 0.000 0.000
40 65 0.099 0.136
40 66 0.066 0.118
40 67 0.077 0.091
40 68 0.011 0.016
40 69 0.000 0.000
40 70 0.000 0.000
40 71 0.011 0.015
40 72 0.516 0.500
40 73 0.077 0.089
40 74 0.088 0.095
40 75 0.066 0.074
40 76 0.055 0.072
40 77 0.077 0.109
40 78 0.077 0.100
40 79 0.077 0.108
40 80 0.000 0.000
40 81 0.000 0.000
40 82 0.110 0.109
40 83 0.000 0.000
40 84 0.440 0.580
40 85 0.077 0.137
40 86 0.000 0.000
40 87 0.000 0.000
40 88 0.066 0.088
40 89 0.033 0.040
40 90 0.000 0.000
40 91 0.000 0.000
40 92 0.077 0.143
40 93 0.011 0.016
40 94 0.143 0.146
40 95 0.000 0.000
40 96 0.033 0.051
40 97 0.000 0.000
40 98 0.066 0.100
40 99 0.033 0.037
40 100 0.077 0.113
40 101 0.560 0.699
40 102 0.132 0.136
40 103 0.022 0.027
40 104 0.033 0.034
40 105 0.000 0.000
40 106 0.110 0.115
41 42 0.032 0.030
41 43 0.000 0.000
41 44 0.016 0.013
41 45 0.565 0.686
41 46 0.000 0.000
41 47 0.032 0.026
41 48 0.048 0.037
41 49 0.597 0.578
41 50 0.145 0.099
41 51 0.194 0.169
41 52 0.742 0.667
41 53 0.032 0.024
41 54 0.000 0.000
41 55 0.000 0.000
41 56 0.903 0.659
41 57 0.145 0.122
41 58 0.081 0.093
41 59 0.097 0.102
41 60 0.790 0.605
41 61 0.016 0.012
41 62 0.065 0.043
41 63 0.129 0.089
41 64 0.000 0.000
41 65 0.161 0.152
41 66 0.548 0.667
41 67 0.113 0.091
41 68 0.065 0.065
41 69 0.000 0.000
41 70 0.000 0.000
41 71 0.048 0.044
41 72 0.145 0.096
41 73 0.129 0.101
41 74 0.016 0.012
41 75 0.097 0.074
41 76 0.129 0.116
41 77 0.823 0.797
41 78 0.113 0.100
41 79 0.129 0.123
41 80 0.016 0.018
41 81 0.048 0.032
41 82 0.081 0.054
41 83 0.065 0.056
41 84 0.048 0.043
41 85 0.694 0.843
41 86 0.000 0.000
41 87 0.000 0.000
41 88 0.242 0.221
41 89 0.065 0.053
41 90 0.032 0.029
41 91 0.000 0.000
41 92 0.113 0.143
41 93 0.000 0.000
41 94 0.081 0.056
41 95 0.000 0.000
41 96 0.048 0.051
41 97 0.000 0.000
41 98 0.081 0.083
41 99 0.032 0.024
41 100 0.129 0.129
41 101 0.129 0.110
41 102 0.081 0.057
41 103 0.048 0.041
41 104 0.065 0.046
41 105 0.000 0.000
41 106 0.048 0.034
42 43 0.104 0.082
42 44 0.015 0.013
42 45 0.000 0.000
42 46 0.000 0.000
42 47 0.015 0.013
42 48 0.045 0.037
42 49 0.000 0.000
42 50 0.090 0.066
42 51 0.179 0.169
42 52 0.015 0.014
42 53 0.060 0.048
42 54 0.015 0.016
42 55 0.000 0.000
42 56 0.015 0.012
42 57 0.060 0.054
42 58 0.000 0.000
42 59 0.000 0.000
42 60 0.015 0.012
42 61 0.000 0.000
42 62 0.060 0.043
42 63 0.045 0.033
42 64 0.000 0.000
42 65 0.060 0.061
42 66 0.000 0.000
42 67 0.090 0.078
42 68 0.030 0.032
42 69 0.000 0.000
42 70 0.045 0.071
42 71 0.030 0.029
42 72 0.090 0.064
42 73 0.045 0.038
42 74 0.507 0.405
42 75 0.045 0.037
42 76 0.060 0.058
42 77 0.000 0.000
42 78 0.075 0.071
42 79 0.045 0.046
42 80 0.000 0.000
42 81 0.030 0.021
42 82 0.955 0.696
42 83 0.030 0.028
42 84 0.090 0.087
42 85 0.015 0.020
42 86 0.000 0.000
42 87 0.000 0.000
42 88 0.030 0.029
42 89 0.060 0.053
42 90 0.000 0.000
42 91 0.000 0.000
42 92 0.015 0.020
42 93 0.030 0.032
42 94 0.149 0.112
42 95 0.000 0.000
42 96 0.104 0.119
42 97 0.000 0.000
42 98 0.075 0.083
42 99 0.045 0.037
42 100 0.060 0.065
42 101 0.134 0.123
42 102 0.134 0.102
42 103 0.045 0.041
42 104 0.060 0.046
42 105 0.000 0.000
42 106 0.955 0.736
43 44 0.000 0.000
43 45 0.000 0.000
43 46 0.000 0.000
43 47 0.035 0.039
43 48 0.024 0.025
43 49 0.000 0.000
43 50 0.035 0.033
43 51 0.024 0.028
43 52 0.000 0.000
43 53 0.035 0.036
43 54 0.082 0.115
43 55 0.000 0.000
43 56 0.000 0.000
43 57 0.094 0.108
43 58 0.000 0.000
43 59 0.000 0.000
43 60 0.000 0.000
43 61 0.047 0.049
43 62 0.024 0.021
43 63 0.118 0.111
43 64 0.000 0.000
43 65 0.047 0.061
43 66 0.000 0.000
43 67 0.118 0.130
43 68 0.024 0.032
43 69 0.000 0.000
43 70 0.035 0.071
43 71 0.024 0.029
43 72 0.024 0.021
43 73 0.094 0.101
43 74 0.118 0.119
43 75 0.118 0.123
43 76 0.035 0.043
43 77 0.000 0.000
43 78 0.129 0.157
43 79 0.059 0.077
43 80 0.012 0.018
43 81 0.024 0.021
43 82 0.082 0.076
43 83 0.024 0.028
43 84 0.094 0.116
43 85 0.000 0.000
43 86 0.000 0.000
43 87 0.000 0.000
43 88 0.024 0.029
43 89 0.035 0.040
43 90 0.035 0.043
43 91 0.000 0.000
43 92 0.000 0.000
43 93 0.024 0.032
43 94 0.000 0.000
43 95 0.000 0.000
43 96 0.012 0.017
43 97 0.000 0.000
43 98 0.118 0.167
43 99 0.024 0.024
43 100 0.047 0.065
43 101 0.082 0.096
43 102 0.000 0.000
43 103 0.024 0.027
43 104 0.024 0.023
43 105 0.000 0.000
43 106 0.071 0.069
44 45 0.040 0.059
44 46 0.000 0.000
44 47 0.000 0.000
44 48 0.080 0.074
44 49 0.053 0.062
44 50 0.040 0.033
44 51 0.027 0.028
44 52 0.013 0.014
44 53 0.067 0.060
44 54 0.000 0.000
44 55 0.000 0.000
44 56 0.027 0.024
44 57 0.013 0.014
44 58 0.013 0.019
44 59 0.013 0.017
44 60 0.013 0.012
44 61 0.000 0.000
44 62 0.053 0.043
44 63 0.040 0.033
44 64 0.000 0.000
44 65 0.013 0.015
44 66 0.027 0.039
44 67 0.000 0.000
44 68 0.067 0.081
44 69 0.000 0.000
44 70 0.000 0.000
44 71 0.053 0.059
44 72 0.013 0.011
44 73 0.013 0.013
44 74 0.000 0.000
44 75 0.040 0.037
44 76 0.040 0.043
44 77 0.027 0.031
44 78 0.000 0.000
44 79 0.000 0.000
44 80 0.093 0.123
44 81 0.093 0.074
44 82 0.013 0.011
44 83 0.107 0.113
44 84 0.013 0.014
44 85 0.027 0.039
44 86 0.000 0.000
44 87 0.000 0.000
44 88 0.027 0.029
44 89 0.040 0.040
44 90 0.000 0.000
44 91 0.000 0.000
44 92 0.013 0.020
44 93 0.067 0.079
44 94 0.000 0.000
44 95 0.000 0.000
44 96 0.000 0.000
44 97 0.000 0.000
44 98 0.000 0.000
44 99 0.080 0.073
44 100 0.013 0.016
44 101 0.013 0.014
44 102 0.000 0.000
44 103 0.093 0.095
44 104 0.093 0.080
44 105 0.000 0.000
44 106 0.013 0.011
45 46 0.000 0.000
45 47 0.039 0.026
45 48 0.000 0.000
45 49 0.490 0.391
45 50 0.137 0.077
45 51 0.118 0.085
45 52 0.667 0.493
45 53 0.039 0.024
45 54 0.000 0.000
45 55 0.000 0.000
45 56 0.804 0.482
45 57 0.118 0.081
45 58 0.137 0.130
45 59 0.157 0.136
45 60 0.863 0.543
45 61 0.039 0.024
45 62 0.020 0.011
45 63 0.137 0.078
45 64 0.000 0.000
45 65 0.176 0.136
45 66 0.706 0.706
45 67 0.098 0.065
45 68 0.078 0.065
45 69 0.000 0.000
45 70 0.000 0.000
45 71 0.039 0.029
45 72 0.157 0.085
45 73 0.137 0.089
45 74 0.020 0.012
45 75 0.118 0.074
45 76 0.098 0.072
45 77 0.725 0.578
45 78 0.078 0.057
45 79 0.098 0.077
45 80 0.000 0.000
45 81 0.059 0.032
45 82 0.039 0.022
45 83 0.098 0.070
45 84 0.059 0.043
45 85 0.647 0.647
45 86 0.000 0.000
45 87 0.000 0.000
45 88 0.314 0.235
45 89 0.020 0.013
45 90 0.039 0.029
45 91 0.000 0.000
45 92 0.196 0.204
45 93 0.000 0.000
45 94 0.137 0.079
45 95 0.000 0.000
45 96 0.020 0.017
45 97 0.000 0.000
45 98 0.059 0.050
45 99 0.000 0.000
45 100 0.118 0.097
45 101 0.137 0.096
45 102 0.137 0.080
45 103 0.078 0.054
45 104 0.098 0.057
45 105 0.000 0.000
45 106 0.020 0.011
46 47 0.000 0.000
46 48 0.000 0.000
46 49 0.000 0.000
46 50 0.000 0.000
46 51 0.000 0.000
46 52 0.000 0.000
46 53 0.000 0.000
46 54 0.000 0.000
46 55 0.000 0.000
46 56 0.000 0.000
46 57 0.000 0.000
46 58 0.000 0.000
46 59 0.000 0.000
46 60 0.000 0.000
46 61 0.000 0.000
46 62 0.000 0.000
46 63 0.000 0.000
46 64 0.000 0.000
46 65 0.000 0.000
46 66 0.000 0.000
46 67 0.000 0.000
46 68 0.000 0.000
46 69 0.000 0.000
46 70 0.000 0.000
46 71 0.000 0.000
46 72 0.000 0.000
46 73 0.000 0.000
46 74 0.000 0.000
46 75 0.000 0.000
46 76 0.000 0.000
46 77 0.000 0.000
46 78 0.000 0.000
46 79 0.000 0.000
46 80 0.000 0.000
46 81 0.000 0.000
46 82 0.000 0.000
46 83 0.000 0.000
46 84 0.000 0.000
46 85 0.000 0.000
46 86 0.000 0.000
46 87 0.000 0.000
46 88 0.000 0.000
46 89 0.000 0.000
46 90 0.000 0.000
46 91 0.000 0.000
46 92 0.000 0.000
46 93 0.000 0.000
46 94 0.000 0.000
46 95 0.000 0.000
46 96 0.000 0.000
46 97 0.000 0.000
46 98 0.000 0.000
46 99 0.000 0.000
46 100 0.000 0.000
46 101 0.000 0.000
46 102 0.000 0.000
46 103 0.000 0.000
46 104 0.000 0.000
46 105 0.000 0.000
46 106 0.000 0.000
47 48 0.000 0.000
47 49 0.000 0.000
47 50 0.000 0.000
47 51 0.000 0.000
47 52 0.039 0.043
47 53 0.000 0.000
47 54 0.000 0.000
47 55 0.026 0.044
47 56 0.026 0.024
47 57 0.000 0.000
47 58 0.026 0.037
47 59 0.013 0.017
47 60 0.026 0.025
47 61 0.169 0.159
47 62 0.013 0.011
47 63 0.000 0.000
47 64 0.026 0.031
47 65 0.000 0.000
47 66 0.000 0.000
47 67 0.000 0.000
47 68 0.000 0.000
47 69 0.000 0.000
47 70 0.039 0.071
47 71 0.000 0.000
47 72 0.000 0.000
47 73 0.000 0.000
47 74 0.000 0.000
47 75 0.000 0.000
47 76 0.000 0.000
47 77 0.013 0.016
47 78 0.000 0.000
47 79 0.000 0.000
47 80 0.000 0.000
47 81 0.000 0.000
47 82 0.013 0.011
47 83 0.000 0.000
47 84 0.000 0.000
47 85 0.026 0.039
47 86 0.026 0.036
47 87 0.000 0.000
47 88 0.052 0.059
47 89 0.000 0.000
47 90 0.831 0.914
47 91 0.000 0.000
47 92 0.000 0.000
47 93 0.000 0.000
47 94 0.039 0.034
47 95 0.026 0.038
47 96 0.013 0.017
47 97 0.000 0.000
47 98 0.000 0.000
47 99 0.013 0.012
47 100 0.000 0.000
47 101 0.000 0.000
47 102 0.039 0.034
47 103 0.000 0.000
47 104 0.000 0.000
47 105 0.026 0.038
47 106 0.013 0.011
48 49 0.049 0.062
48 50 0.173 0.154
48 51 0.062 0.070
48 52 0.037 0.043
48 53 0.148 0.143
48 54 0.062 0.082
48 55 0.000 0.000
48 56 0.037 0.035
48 57 0.111 0.122
48 58 0.037 0.056
48 59 0.037 0.051
48 60 0.012 0.012
48 61 0.012 0.012
48 62 0.704 0.606
48 63 0.074 0.067
48 64 0.000 0.000
48 65 0.086 0.106
48 66 0.025 0.039
48 67 0.099 0.104
48 68 0.099 0.129
48 69 0.000 0.000
48 70 0.086 0.167
48 71 0.099 0.118
48 72 0.025 0.021
48 73 0.111 0.114
48 74 0.037 0.036
48 75 0.037 0.037
48 76 0.111 0.130
48 77 0.037 0.047
48 78 0.086 0.100
48 79 0.123 0.154
48 80 0.049 0.070
48 81 0.198 0.170
48 82 0.049 0.043
48 83 0.173 0.197
48 84 0.025 0.029
48 85 0.074 0.118
48 86 0.000 0.000
48 87 0.000 0.000
48 88 0.000 0.000
48 89 0.148 0.160
48 90 0.000 0.000
48 91 0.000 0.000
48 92 0.000 0.000
48 93 0.086 0.111
48 94 0.000 0.000
48 95 0.000 0.000
48 96 0.000 0.000
48 97 0.000 0.000
48 98 0.062 0.083
48 99 0.630 0.622
48 100 0.111 0.145
48 101 0.025 0.027
48 102 0.000 0.000
48 103 0.198 0.216
48 104 0.210 0.195
48 105 0.000 0.000
48 106 0.049 0.046
49 50 0.078 0.055
49 51 0.172 0.155
49 52 0.656 0.609
49 53 0.016 0.012
49 54 0.000 0.000
49 55 0.000 0.000
49 56 0.766 0.576
49 57 0.047 0.041
49 58 0.047 0.056
49 59 0.062 0.068
49 60 0.672 0.531
49 61 0.000 0.000
49 62 0.078 0.053
49 63 0.078 0.056
49 64 0.000 0.000
49 65 0.094 0.091
49 66 0.453 0.569
49 67 0.047 0.039
49 68 0.031 0.032
49 69 0.000 0.000
49 70 0.000 0.000
49 71 0.016 0.015
49 72 0.125 0.085
49 73 0.078 0.063
49 74 0.016 0.012
49 75 0.078 0.062
49 76 0.078 0.072
49 77 0.625 0.625
49 78 0.016 0.014
49 79 0.031 0.031
49 80 0.078 0.088
49 81 0.016 0.011
49 82 0.016 0.011
49 83 0.031 0.028
49 84 0.047 0.043
49 85 0.406 0.510
49 86 0.000 0.000
49 87 0.000 0.000
49 88 0.234 0.221
49 89 0.016 0.013
49 90 0.000 0.000
49 91 0.000 0.000
49 92 0.078 0.102
49 93 0.000 0.000
49 94 0.016 0.011
49 95 0.000 0.000
49 96 0.016 0.017
49 97 0.000 0.000
49 98 0.016 0.017
49 99 0.047 0.037
49 100 0.047 0.048
49 101 0.125 0.110
49 102 0.016 0.011
49 103 0.031 0.027
49 104 0.047 0.034
49 105 0.000 0.000
49 106 0.016 0.011
50 51 0.011 0.014
50 52 0.055 0.072
50 53 0.538 0.583
50 54 0.055 0.082
50 55 0.000 0.000
50 56 0.088 0.094
50 57 0.440 0.541
50 58 0.055 0.093
50 59 0.055 0.085
50 60 0.088 0.099
50 61 0.044 0.049
50 62 0.242 0.234
50 63 0.495 0.500
50 64 0.000 0.000
50 65 0.341 0.470
50 66 0.066 0.118
50 67 0.429 0.506
50 68 0.396 0.581
50 69 0.000 0.000
50 70 0.011 0.024
50 71 0.374 0.500
50 72 0.000 0.000
50 73 0.418 0.481
50 74 0.132 0.143
50 75 0.407 0.457
50 76 0.681 0.899
50 77 0.077 0.109
50 78 0.352 0.457
50 79 0.363 0.508
50 80 0.000 0.000
50 81 0.374 0.362
50 82 0.110 0.109
50 83 0.374 0.479
50 84 0.000 0.000
50 85 0.099 0.176
50 86 0.000 0.000
50 87 0.000 0.000
50 88 0.022 0.029
50 89 0.747 0.907
50 90 0.000 0.000
50 91 0.000 0.000
50 92 0.066 0.122
50 93 0.286 0.413
50 94 0.000 0.000
50 95 0.000 0.000
50 96 0.000 0.000
50 97 0.000 0.000
50 98 0.297 0.450
50 99 0.209 0.232
50 100 0.440 0.645
50 101 0.011 0.014
50 102 0.000 0.000
50 103 0.374 0.459
50 104 0.593 0.621
50 105 0.000 0.000
50 106 0.099 0.103
51 52 0.141 0.145
51 53 0.000 0.000
51 54 0.014 0.016
51 55 0.000 0.000
51 56 0.169 0.141
51 57 0.113 0.108
51 58 0.000 0.000
51 59 0.000 0.000
51 60 0.127 0.111
51 61 0.000 0.000
51 62 0.056 0.043
51 63 0.085 0.067
51 64 0.000 0.000
51 65 0.099 0.106
51 66 0.127 0.176
51 67 0.070 0.065
51 68 0.000 0.000
51 69 0.000 0.000
51 70 0.000 0.000
51 71 0.000 0.000
51 72 0.141 0.106
51 73 0.099 0.089
51 74 0.113 0.095
51 75 0.085 0.074
51 76 0.014 0.014
51 77 0.141 0.156
51 78 0.113 0.114
51 79 0.056 0.062
51 80 0.014 0.018
51 81 0.000 0.000
51 82 0.155 0.120
51 83 0.000 0.000
51 84 0.155 0.159
51 85 0.127 0.176
51 86 0.000 0.000
51 87 0.000 0.000
51 88 0.225 0.235
51 89 0.014 0.013
51 90 0.000 0.000
51 91 0.000 0.000
51 92 0.042 0.061
51 93 0.000 0.000
51 94 0.099 0.079
51 95 0.000 0.000
51 96 0.014 0.017
51 97 0.000 0.000
51 98 0.085 0.100
51 99 0.056 0.049
51 100 0.070 0.081
51 101 0.183 0.178
51 102 0.099 0.080
51 103 0.000 0.000
51 104 0.000 0.000
51 105 0.000 0.000
51 106 0.169 0.138
52 53 0.000 0.000
52 54 0.014 0.016
52 55 0.000 0.000
52 56 0.928 0.753
52 57 0.087 0.081
52 58 0.029 0.037
52 59 0.029 0.034
52 60 0.913 0.778
52 61 0.014 0.012
52 62 0.043 0.032
52 63 0.058 0.044
52 64 0.000 0.000
52 65 0.087 0.091
52 66 0.478 0.647
52 67 0.058 0.052
52 68 0.029 0.032
52 69 0.000 0.000
52 70 0.000 0.000
52 71 0.014 0.015
52 72 0.116 0.085
52 73 0.058 0.051
52 74 0.014 0.012
52 75 0.029 0.025
52 76 0.058 0.058
52 77 0.710 0.766
52 78 0.072 0.071
52 79 0.087 0.092
52 80 0.014 0.018
52 81 0.014 0.011
52 82 0.043 0.033
52 83 0.029 0.028
52 84 0.043 0.043
52 85 0.464 0.627
52 86 0.000 0.000
52 87 0.000 0.000
52 88 0.333 0.338
52 89 0.029 0.027
52 90 0.029 0.029
52 91 0.000 0.000
52 92 0.058 0.082
52 93 0.000 0.000
52 94 0.087 0.067
52 95 0.000 0.000
52 96 0.058 0.068
52 97 0.000 0.000
52 98 0.043 0.050
52 99 0.029 0.024
52 100 0.072 0.081
52 101 0.101 0.096
52 102 0.087 0.068
52 103 0.014 0.014
52 104 0.029 0.023
52 105 0.000 0.000
52 106 0.029 0.023
53 54 0.083 0.115
53 55 0.000 0.000
53 56 0.012 0.012
53 57 0.214 0.243
53 58 0.036 0.056
53 59 0.048 0.068
53 60 0.024 0.025
53 61 0.048 0.049
53 62 0.310 0.277
53 63 0.250 0.233
53 64 0.000 0.000
53 65 0.167 0.212
53 66 0.024 0.039
53 67 0.202 0.221
53 68 0.524 0.710
53 69 0.000 0.000
53 70 0.012 0.024
53 71 0.571 0.706
53 72 0.000 0.000
53 73 0.214 0.228
53 74 0.095 0.095
53 75 0.238 0.247
53 76 0.357 0.435
53 77 0.012 0.016
53 78 0.179 0.214
53 79 0.179 0.231
53 80 0.000 0.000
53 81 0.536 0.479
53 82 0.095 0.087
53 83 0.512 0.606
53 84 0.000 0.000
53 85 0.024 0.039
53 86 0.000 0.000
53 87 0.000 0.000
53 88 0.000 0.000
53 89 0.512 0.573
53 90 0.000 0.000
53 91 0.000 0.000
53 92 0.012 0.020
53 93 0.607 0.810
53 94 0.000 0.000
53 95 0.000 0.000
53 96 0.000 0.000
53 97 0.000 0.000
53 98 0.179 0.250
53 99 0.274 0.280
53 100 0.202 0.274
53 101 0.012 0.014
53 102 0.000 0.000
53 103 0.690 0.784
53 104 0.798 0.770
53 105 0.000 0.000
53 106 0.095 0.092
54 55 0.000 0.000
54 56 0.000 0.000
54 57 0.066 0.054
54 58 0.016 0.019
54 59 0.016 0.017
54 60 0.016 0.012
54 61 0.016 0.012
54 62 0.066 0.043
54 63 0.082 0.056
54 64 0.000 0.000
54 65 0.049 0.045
54 66 0.000 0.000
54 67 0.066 0.052
54 68 0.115 0.113
54 69 0.000 0.000
54 70 0.016 0.024
54 71 0.115 0.103
54 72 0.016 0.011
54 73 0.066 0.051
54 74 0.033 0.024
54 75 0.066 0.049
54 76 0.049 0.043
54 77 0.000 0.000
54 78 0.066 0.057
54 79 0.066 0.062
54 80 0.033 0.035
54 81 0.115 0.074
54 82 0.016 0.011
54 83 0.098 0.085
54 84 0.016 0.014
54 85 0.000 0.000
54 86 0.000 0.000
54 87 0.000 0.000
54 88 0.000 0.000
54 89 0.082 0.067
54 90 0.000 0.000
54 91 0.000 0.000
54 92 0.066 0.082
54 93 0.115 0.111
54 94 0.066 0.045
54 95 0.000 0.000
54 96 0.016 0.017
54 97 0.000 0.000
54 98 0.066 0.067
54 99 0.066 0.049
54 100 0.066 0.065
54 101 0.033 0.027
54 102 0.066 0.045
54 103 0.082 0.068
54 104 0.082 0.057
54 105 0.000 0.000
54 106 0.016 0.011
55 56 0.000 0.000
55 57 0.000 0.000
55 58 0.000 0.000
55 59 0.000 0.000
55 60 0.000 0.000
55 61 0.000 0.000
55 62 0.000 0.000
55 63 0.000 0.000
55 64 0.733 0.508
55 65 0.000 0.000
55 66 0.000 0.000
55 67 0.000 0.000
55 68 0.000 0.000
55 69 0.067 0.073
55 70 0.000 0.000
55 71 0.000 0.000
55 72 0.000 0.000
55 73 0.000 0.000
55 74 0.000 0.000
55 75 0.000 0.000
55 76 0.000 0.000
55 77 0.000 0.000
55 78 0.000 0.000
55 79 0.000 0.000
55 80 0.000 0.000
55 81 0.000 0.000
55 82 0.000 0.000
55 83 0.000 0.000
55 84 0.000 0.000
55 85 0.000 0.000
55 86 0.911 0.745
55 87 0.133 0.105
55 88 0.000 0.000
55 89 0.000 0.000
55 90 0.067 0.043
55 91 0.000 0.000
55 92 0.000 0.000
55 93 0.000 0.000
55 94 0.000 0.000
55 95 0.733 0.635
55 96 0.000 0.000
55 97 0.600 0.450
55 98 0.000 0.000
55 99 0.000 0.000
55 100 0.000 0.000
55 101 0.000 0.000
55 102 0.000 0.000
55 103 0.000 0.000
55 104 0.000 0.000
55 105 0.867 0.736
55 106 0.000 0.000
56 57 0.118 0.135
56 58 0.071 0.111
56 59 0.071 0.102
56 60 0.800 0.840
56 61 0.012 0.012
56 62 0.035 0.032
56 63 0.106 0.100
56 64 0.000 0.000
56 65 0.129 0.167
56 66 0.529 0.882
56 67 0.106 0.117
56 68 0.035 0.048
56 69 0.000 0.000
56 70 0.000 0.000
56 71 0.024 0.029
56 72 0.118 0.106
56 73 0.106 0.114
56 74 0.012 0.012
56 75 0.082 0.086
56 76 0.082 0.101
56 77 0.706 0.938
56 78 0.094 0.114
56 79 0.106 0.138
56 80 0.024 0.035
56 81 0.024 0.021
56 82 0.035 0.033
56 83 0.035 0.042
56 84 0.035 0.043
56 85 0.482 0.804
56 86 0.000 0.000
56 87 0.000 0.000
56 88 0.271 0.338
56 89 0.035 0.040
56 90 0.024 0.029
56 91 0.000 0.000
56 92 0.094 0.163
56 93 0.000 0.000
56 94 0.071 0.067
56 95 0.000 0.000
56 96 0.024 0.034
56 97 0.000 0.000
56 98 0.059 0.083
56 99 0.024 0.024
56 100 0.118 0.161
56 101 0.094 0.110
56 102 0.071 0.068
56 103 0.035 0.041
56 104 0.035 0.034
56 105 0.000 0.000
56 106 0.024 0.023
57 58 0.068 0.093
57 59 0.054 0.068
57 60 0.095 0.086
57 61 0.000 0.000
57 62 0.149 0.117
57 63 0.757 0.622
57 64 0.000 0.000
57 65 0.635 0.712
57 66 0.081 0.118
57 67 0.851 0.818
57 68 0.203 0.242
57 69 0.000 0.000
57 70 0.000 0.000
57 71 0.189 0.206
57 72 0.027 0.021
57 73 0.838 0.785
57 74 0.203 0.179
57 75 0.635 0.580
57 76 0.514 0.551
57 77 0.095 0.109
57 78 0.811 0.857
57 79 0.716 0.815
57 80 0.000 0.000
57 81 0.162 0.128
57 82 0.081 0.065
57 83 0.176 0.183
57 84 0.054 0.058
57 85 0.095 0.137
57 86 0.000 0.000
57 87 0.000 0.000
57 88 0.108 0.118
57 89 0.446 0.440
57 90 0.000 0.000
57 91 0.000 0.000
57 92 0.068 0.102
57 93 0.135 0.159
57 94 0.027 0.022
57 95 0.000 0.000
57 96 0.000 0.000
57 97 0.000 0.000
57 98 0.689 0.850
57 99 0.149 0.134
57 100 0.703 0.839
57 101 0.054 0.055
57 102 0.027 0.023
57 103 0.189 0.189
57 104 0.284 0.241
57 105 0.000 0.000
57 106 0.081 0.069
58 59 0.944 0.864
58 60 0.111 0.074
58 61 0.074 0.049
58 62 0.093 0.053
58 63 0.111 0.067
58 64 0.000 0.000
58 65 0.111 0.091
58 66 0.111 0.118
58 67 0.093 0.065
58 68 0.093 0.081
58 69 0.000 0.000
58 70 0.074 0.095
58 71 0.074 0.059
58 72 0.019 0.011
58 73 0.130 0.089
58 74 0.000 0.000
58 75 0.093 0.062
58 76 0.093 0.072
58 77 0.111 0.094
58 78 0.074 0.057
58 79 0.074 0.062
58 80 0.000 0.000
58 81 0.111 0.064
58 82 0.000 0.000
58 83 0.130 0.099
58 84 0.019 0.014
58 85 0.111 0.118
58 86 0.000 0.000
58 87 0.000 0.000
58 88 0.019 0.015
58 89 0.056 0.040
58 90 0.019 0.014
58 91 0.000 0.000
58 92 0.167 0.184
58 93 0.056 0.048
58 94 0.056 0.034
58 95 0.000 0.000
58 96 0.000 0.000
58 97 0.000 0.000
58 98 0.019 0.017
58 99 0.093 0.061
58 100 0.111 0.097
58 101 0.019 0.014
58 102 0.056 0.034
58 103 0.056 0.041
58 104 0.111 0.069
58 105 0.000 0.000
58 106 0.000 0.000
59 60 0.119 0.086
59 61 0.034 0.024
59 62 0.085 0.053
59 63 0.102 0.067
59 64 0.000 0.000
59 65 0.102 0.091
59 66 0.119 0.137
59 67 0.068 0.052
59 68 0.085 0.081
59 69 0.000 0.000
59 70 0.068 0.095
59 71 0.085 0.074
59 72 0.017 0.011
59 73 0.119 0.089
59 74 0.000 0.000
59 75 0.102 0.074
59 76 0.085 0.072
59 77 0.102 0.094
59 78 0.051 0.043
59 79 0.051 0.046
59 80 0.000 0.000
59 81 0.102 0.064
59 82 0.000 0.000
59 83 0.119 0.099
59 84 0.017 0.014
59 85 0.119 0.137
59 86 0.000 0.000
59 87 0.000 0.000
59 88 0.017 0.015
59 89 0.051 0.040
59 90 0.000 0.000
59 91 0.000 0.000
59 92 0.169 0.204
59 93 0.051 0.048
59 94 0.051 0.034
59 95 0.000 0.000
59 96 0.000 0.000
59 97 0.000 0.000
59 98 0.017 0.017
59 99 0.085 0.061
59 100 0.085 0.081
59 101 0.017 0.014
59 102 0.051 0.034
59 103 0.068 0.054
59 104 0.102 0.069
59 105 0.000 0.000
59 106 0.000 0.000
60 61 0.012 0.012
60 62 0.025 0.021
60 63 0.086 0.078
60 64 0.000 0.000
60 65 0.111 0.136
60 66 0.494 0.784
60 67 0.074 0.078
60 68 0.049 0.065
60 69 0.000 0.000
60 70 0.000 0.000
60 71 0.037 0.044
60 72 0.099 0.085
60 73 0.086 0.089
60 74 0.012 0.012
60 75 0.074 0.074
60 76 0.074 0.087
60 77 0.630 0.797
60 78 0.062 0.071
60 79 0.074 0.092
60 80 0.012 0.018
60 81 0.037 0.032
60 82 0.037 0.033
60 83 0.049 0.056
60 84 0.037 0.043
60 85 0.444 0.706
60 86 0.000 0.000
60 87 0.000 0.000
60 88 0.321 0.382
60 89 0.037 0.040
60 90 0.025 0.029
60 91 0.000 0.000
60 92 0.099 0.163
60 93 0.000 0.000
60 94 0.086 0.079
60 95 0.000 0.000
60 96 0.062 0.085
60 97 0.000 0.000
60 98 0.037 0.050
60 99 0.012 0.012
60 100 0.086 0.113
60 101 0.086 0.096
60 102 0.086 0.080
60 103 0.037 0.041
60 104 0.049 0.046
60 105 0.000 0.000
60 106 0.037 0.034
61 62 0.061 0.053
61 63 0.000 0.000
61 64 0.000 0.000
61 65 0.000 0.000
61 66 0.000 0.000
61 67 0.000 0.000
61 68 0.000 0.000
61 69 0.000 0.000
61 70 0.256 0.500
61 71 0.012 0.015
61 72 0.000 0.000
61 73 0.000 0.000
61 74 0.000 0.000
61 75 0.000 0.000
61 76 0.037 0.043
61 77 0.000 0.000
61 78 0.000 0.000
61 79 0.000 0.000
61 80 0.000 0.000
61 81 0.049 0.043
61 82 0.000 0.000
61 83 0.000 0.000
61 84 0.000 0.000
61 85 0.012 0.020
61 86 0.000 0.000
61 87 0.000 0.000
61 88 0.012 0.015
61 89 0.049 0.053
61 90 0.134 0.157
61 91 0.000 0.000
61 92 0.012 0.020
61 93 0.037 0.048
61 94 0.012 0.011
61 95 0.000 0.000
61 96 0.000 0.000
61 97 0.000 0.000
61 98 0.000 0.000
61 99 0.049 0.049
61 100 0.000 0.000
61 101 0.000 0.000
61 102 0.012 0.011
61 103 0.037 0.041
61 104 0.037 0.034
61 105 0.000 0.000
61 106 0.000 0.000
62 63 0.117 0.122
62 64 0.000 0.000
62 65 0.128 0.182
62 66 0.032 0.059
62 67 0.128 0.156
62 68 0.181 0.274
62 69 0.000 0.000
62 70 0.096 0.214
62 71 0.181 0.250
62 72 0.021 0.021
62 73 0.138 0.165
62 74 0.021 0.024
62 75 0.085 0.099
62 76 0.160 0.217
62 77 0.032 0.047
62 78 0.096 0.129
62 79 0.138 0.200
62 80 0.043 0.070
62 81 0.245 0.245
62 82 0.053 0.054
62 83 0.245 0.324
62 84 0.021 0.029
62 85 0.053 0.098
62 86 0.000 0.000
62 87 0.000 0.000
62 88 0.000 0.000
62 89 0.191 0.240
62 90 0.011 0.014
62 91 0.000 0.000
62 92 0.011 0.020
62 93 0.191 0.286
62 94 0.000 0.000
62 95 0.000 0.000
62 96 0.011 0.017
62 97 0.000 0.000
62 98 0.064 0.100
62 99 0.809 0.927
62 100 0.128 0.194
62 101 0.032 0.041
62 102 0.000 0.000
62 103 0.362 0.459
62 104 0.394 0.425
62 105 0.000 0.000
62 106 0.053 0.057
63 64 0.000 0.000
63 65 0.556 0.758
63 66 0.067 0.118
63 67 0.700 0.818
63 68 0.178 0.258
63 69 0.000 0.000
63 70 0.000 0.000
63 71 0.156 0.206
63 72 0.022 0.021
63 73 0.678 0.772
63 74 0.133 0.143
63 75 0.856 0.951
63 76 0.522 0.681
63 77 0.067 0.094
63 78 0.489 0.629
63 79 0.467 0.646
63 80 0.011 0.018
63 81 0.133 0.128
63 82 0.056 0.054
63 83 0.133 0.169
63 84 0.022 0.029
63 85 0.078 0.137
63 86 0.000 0.000
63 87 0.000 0.000
63 88 0.078 0.103
63 89 0.400 0.480
63 90 0.000 0.000
63 91 0.000 0.000
63 92 0.100 0.184
63 93 0.144 0.206
63 94 0.022 0.022
63 95 0.000 0.000
63 96 0.000 0.000
63 97 0.000 0.000
63 98 0.411 0.617
63 99 0.111 0.122
63 100 0.556 0.806
63 101 0.044 0.055
63 102 0.022 0.023
63 103 0.178 0.216
63 104 0.289 0.299
63 105 0.000 0.000
63 106 0.056 0.057
64 65 0.000 0.000
64 66 0.000 0.000
64 67 0.000 0.000
64 68 0.000 0.000
64 69 0.077 0.122
64 70 0.000 0.000
64 71 0.000 0.000
64 72 0.000 0.000
64 73 0.000 0.000
64 74 0.000 0.000
64 75 0.000 0.000
64 76 0.000 0.000
64 77 0.000 0.000
64 78 0.000 0.000
64 79 0.000 0.000
64 80 0.000 0.000
64 81 0.000 0.000
64 82 0.000 0.000
64 83 0.000 0.000
64 84 0.000 0.000
64 85 0.000 0.000
64 86 0.600 0.709
64 87 0.108 0.123
64 88 0.000 0.000
64 89 0.000 0.000
64 90 0.046 0.043
64 91 0.000 0.000
64 92 0.000 0.000
64 93 0.000 0.000
64 94 0.000 0.000
64 95 0.677 0.846
64 96 0.000 0.000
64 97 0.631 0.683
64 98 0.000 0.000
64 99 0.000 0.000
64 100 0.000 0.000
64 101 0.000 0.000
64 102 0.000 0.000
64 103 0.000 0.000
64 104 0.000 0.000
64 105 0.677 0.830
64 106 0.000 0.000
65 66 0.121 0.157
65 67 0.758 0.649
65 68 0.152 0.161
65 69 0.000 0.000
65 70 0.000 0.000
65 71 0.136 0.132
65 72 0.045 0.032
65 73 0.848 0.709
65 74 0.152 0.119
65 75 0.652 0.531
65 76 0.470 0.449
65 77 0.121 0.125
65 78 0.576 0.543
65 79 0.652 0.662
65 80 0.000 0.000
65 81 0.136 0.096
65 82 0.091 0.065
65 83 0.152 0.141
65 84 0.045 0.043
65 85 0.136 0.176
65 86 0.000 0.000
65 87 0.000 0.000
65 88 0.152 0.147
65 89 0.333 0.293
65 90 0.000 0.000
65 91 0.000 0.000
65 92 0.182 0.245
65 93 0.106 0.111
65 94 0.030 0.022
65 95 0.000 0.000
65 96 0.000 0.000
65 97 0.000 0.000
65 98 0.455 0.500
65 99 0.167 0.134
65 100 0.667 0.710
65 101 0.076 0.068
65 102 0.030 0.023
65 103 0.197 0.176
65 104 0.288 0.218
65 105 0.000 0.000
65 106 0.091 0.069
66 67 0.098 0.065
66 68 0.078 0.065
66 69 0.000 0.000
66 70 0.000 0.000
66 71 0.039 0.029
66 72 0.137 0.074
66 73 0.118 0.076
66 74 0.020 0.012
66 75 0.098 0.062
66 76 0.078 0.058
66 77 0.784 0.625
66 78 0.078 0.057
66 79 0.098 0.077
66 80 0.020 0.018
66 81 0.059 0.032
66 82 0.020 0.011
66 83 0.098 0.070
66 84 0.059 0.043
66 85 0.608 0.608
66 86 0.000 0.000
66 87 0.000 0.000
66 88 0.235 0.176
66 89 0.020 0.013
66 90 0.000 0.000
66 91 0.000 0.000
66 92 0.176 0.184
66 93 0.000 0.000
66 94 0.078 0.045
66 95 0.000 0.000
66 96 0.020 0.017
66 97 0.000 0.000
66 98 0.059 0.050
66 99 0.039 0.024
66 100 0.118 0.097
66 101 0.118 0.082
66 102 0.078 0.045
66 103 0.098 0.068
66 104 0.078 0.046
66 105 0.000 0.000
66 106 0.020 0.011
67 68 0.169 0.210
67 69 0.000 0.000
67 70 0.000 0.000
67 71 0.156 0.176
67 72 0.026 0.021
67 73 0.792 0.772
67 74 0.208 0.190
67 75 0.714 0.679
67 76 0.481 0.536
67 77 0.078 0.094
67 78 0.727 0.800
67 79 0.636 0.754
67 80 0.000 0.000
67 81 0.130 0.106
67 82 0.104 0.087
67 83 0.143 0.155
67 84 0.052 0.058
67 85 0.065 0.098
67 86 0.000 0.000
67 87 0.000 0.000
67 88 0.065 0.074
67 89 0.403 0.413
67 90 0.000 0.000
67 91 0.000 0.000
67 92 0.091 0.143
67 93 0.130 0.159
67 94 0.026 0.022
67 95 0.000 0.000
67 96 0.000 0.000
67 97 0.000 0.000
67 98 0.636 0.817
67 99 0.156 0.146
67 100 0.675 0.839
67 101 0.065 0.068
67 102 0.026 0.023
67 103 0.182 0.189
67 104 0.273 0.241
67 105 0.000 0.000
67 106 0.091 0.080
68 69 0.000 0.000
68 70 0.000 0.000
68 71 0.887 0.809
68 72 0.000 0.000
68 73 0.274 0.215
68 74 0.129 0.095
68 75 0.210 0.160
68 76 0.371 0.333
68 77 0.048 0.047
68 78 0.274 0.243
68 79 0.258 0.246
68 80 0.000 0.000
68 81 0.855 0.564
68 82 0.097 0.065
68 83 0.887 0.775
68 84 0.000 0.000
68 85 0.065 0.078
68 86 0.000 0.000
68 87 0.000 0.000
68 88 0.000 0.000
68 89 0.500 0.413
68 90 0.000 0.000
68 91 0.000 0.000
68 92 0.032 0.041
68 93 0.694 0.683
68 94 0.000 0.000
68 95 0.000 0.000
68 96 0.000 0.000
68 97 0.000 0.000
68 98 0.210 0.217
68 99 0.258 0.195
68 100 0.226 0.226
68 101 0.000 0.000
68 102 0.000 0.000
68 103 0.694 0.581
68 104 0.758 0.540
68 105 0.000 0.000
68 106 0.097 0.069
69 70 0.000 0.000
69 71 0.000 0.000
69 72 0.000 0.000
69 73 0.000 0.000
69 74 0.000 0.000
69 75 0.000 0.000
69 76 0.000 0.000
69 77 0.000 0.000
69 78 0.000 0.000
69 79 0.000 0.000
69 80 0.000 0.000
69 81 0.000 0.000
69 82 0.000 0.000
69 83 0.000 0.000
69 84 0.000 0.000
69 85 0.000 0.000
69 86 0.073 0.055
69 87 0.220 0.158
69 88 0.000 0.000
69 89 0.000 0.000
69 90 0.000 0.000
69 91 0.000 0.000
69 92 0.000 0.000
69 93 0.000 0.000
69 94 0.000 0.000
69 95 0.073 0.058
69 96 0.000 0.000
69 97 0.073 0.050
69 98 0.000 0.000
69 99 0.000 0.000
69 100 0.000 0.000
69 101 0.000 0.000
69 102 0.000 0.000
69 103 0.000 0.000
69 104 0.000 0.000
69 105 0.073 0.057
69 106 0.000 0.000
70 71 0.000 0.000
70 72 0.000 0.000
70 73 0.000 0.000
70 74 0.024 0.012
70 75 0.000 0.000
70 76 0.000 0.000
70 77 0.000 0.000
70 78 0.000 0.000
70 79 0.000 0.000
70 80 0.071 0.053
70 81 0.000 0.000
70 82 0.095 0.043
70 83 0.000 0.000
70 84 0.000 0.000
70 85 0.000 0.000
70 86 0.000 0.000
70 87 0.000 0.000
70 88 0.000 0.000
70 89 0.000 0.000
70 90 0.048 0.029
70 91 0.000 0.000
70 92 0.024 0.020
70 93 0.024 0.016
70 94 0.000 0.000
70 95 0.000 0.000
70 96 0.000 0.000
70 97 0.000 0.000
70 98 0.000 0.000
70 99 0.214 0.110
70 100 0.000 0.000
70 101 0.000 0.000
70 102 0.000 0.000
70 103 0.024 0.014
70 104 0.024 0.011
70 105 0.000 0.000
70 106 0.071 0.034
71 72 0.000 0.000
71 73 0.235 0.203
71 74 0.132 0.107
71 75 0.176 0.148
71 76 0.324 0.319
71 77 0.029 0.031
71 78 0.235 0.229
71 79 0.235 0.246
71 80 0.000 0.000
71 81 0.853 0.617
71 82 0.103 0.076
71 83 0.735 0.704
71 84 0.000 0.000
71 85 0.044 0.059
71 86 0.000 0.000
71 87 0.000 0.000
71 88 0.000 0.000
71 89 0.471 0.427
71 90 0.000 0.000
71 91 0.000 0.000
71 92 0.029 0.041
71 93 0.721 0.778
71 94 0.000 0.000
71 95 0.000 0.000
71 96 0.000 0.000
71 97 0.000 0.000
71 98 0.206 0.233
71 99 0.235 0.195
71 100 0.191 0.210
71 101 0.000 0.000
71 102 0.000 0.000
71 103 0.632 0.581
71 104 0.632 0.494
71 105 0.000 0.000
71 106 0.103 0.080
72 73 0.021 0.025
72 74 0.032 0.036
72 75 0.021 0.025
72 76 0.011 0.014
72 77 0.085 0.125
72 78 0.021 0.029
72 79 0.021 0.031
72 80 0.000 0.000
72 81 0.000 0.000
72 82 0.085 0.087
72 83 0.000 0.000
72 84 0.362 0.493
72 85 0.064 0.118
72 86 0.000 0.000
72 87 0.000 0.000
72 88 0.064 0.088
72 89 0.000 0.000
72 90 0.000 0.000
72 91 0.000 0.000
72 92 0.053 0.102
72 93 0.000 0.000
72 94 0.074 0.079
72 95 0.000 0.000
72 96 0.011 0.017
72 97 0.000 0.000
72 98 0.021 0.033
72 99 0.021 0.024
72 100 0.021 0.032
72 101 0.426 0.548
72 102 0.074 0.080
72 103 0.000 0.000
72 104 0.000 0.000
72 105 0.000 0.000
72 106 0.085 0.092
73 74 0.165 0.155
73 75 0.658 0.642
73 76 0.468 0.536
73 77 0.076 0.094
73 78 0.646 0.729
73 79 0.696 0.846
73 80 0.000 0.000
73 81 0.177 0.149
73 82 0.063 0.054
73 83 0.190 0.211
73 84 0.025 0.029
73 85 0.089 0.137
73 86 0.000 0.000
73 87 0.000 0.000
73 88 0.114 0.132
73 89 0.367 0.387
73 90 0.000 0.000
73 91 0.000 0.000
73 92 0.127 0.204
73 93 0.127 0.159
73 94 0.025 0.022
73 95 0.000 0.000
73 96 0.000 0.000
73 97 0.000 0.000
73 98 0.519 0.683
73 99 0.152 0.146
73 100 0.633 0.806
73 101 0.038 0.041
73 102 0.025 0.023
73 103 0.203 0.216
73 104 0.291 0.264
73 105 0.000 0.000
73 106 0.063 0.057
74 75 0.131 0.136
74 76 0.095 0.116
74 77 0.012 0.016
74 78 0.190 0.229
74 79 0.179 0.231
74 80 0.000 0.000
74 81 0.107 0.096
74 82 0.452 0.413
74 83 0.083 0.099
74 84 0.083 0.101
74 85 0.000 0.000
74 86 0.000 0.000
74 87 0.000 0.000
74 88 0.012 0.015
74 89 0.119 0.133
74 90 0.000 0.000
74 91 0.000 0.000
74 92 0.000 0.000
74 93 0.048 0.063
74 94 0.107 0.101
74 95 0.000 0.000
74 96 0.036 0.051
74 97 0.000 0.000
74 98 0.190 0.267
74 99 0.012 0.012
74 100 0.155 0.210
74 101 0.095 0.110
74 102 0.107 0.102
74 103 0.060 0.068
74 104 0.095 0.092
74 105 0.000 0.000
74 106 0.476 0.460
75 76 0.481 0.565
75 77 0.062 0.078
75 78 0.444 0.514
75 79 0.420 0.523
75 80 0.012 0.018
75 81 0.111 0.096
75 82 0.062 0.054
75 83 0.111 0.127
75 84 0.012 0.014
75 85 0.074 0.118
75 86 0.000 0.000
75 87 0.000 0.000
75 88 0.049 0.059
75 89 0.358 0.387
75 90 0.000 0.000
75 91 0.000 0.000
75 92 0.099 0.163
75 93 0.136 0.175
75 94 0.012 0.011
75 95 0.000 0.000
75 96 0.000 0.000
75 97 0.000 0.000
75 98 0.407 0.550
75 99 0.086 0.085
75 100 0.494 0.645
75 101 0.037 0.041
75 102 0.012 0.011
75 103 0.173 0.189
75 104 0.284 0.264
75 105 0.000 0.000
75 106 0.062 0.057
76 77 0.072 0.078
76 78 0.420 0.414
76 79 0.420 0.446
76 80 0.000 0.000
76 81 0.290 0.213
76 82 0.101 0.076
76 83 0.290 0.282
76 84 0.000 0.000
76 85 0.101 0.137
76 86 0.000 0.000
76 87 0.000 0.000
76 88 0.043 0.044
76 89 0.797 0.733
76 90 0.000 0.000
76 91 0.000 0.000
76 92 0.087 0.122
76 93 0.246 0.270
76 94 0.000 0.000
76 95 0.000 0.000
76 96 0.000 0.000
76 97 0.000 0.000
76 98 0.377 0.433
76 99 0.188 0.159
76 100 0.565 0.629
76 101 0.029 0.027
76 102 0.000 0.000
76 103 0.333 0.311
76 104 0.536 0.425
76 105 0.000 0.000
76 106 0.101 0.080
77 78 0.078 0.071
77 79 0.094 0.092
77 80 0.031 0.035
77 81 0.031 0.021
77 82 0.031 0.022
77 83 0.047 0.042
77 84 0.047 0.043
77 85 0.625 0.784
77 86 0.000 0.000
77 87 0.000 0.000
77 88 0.266 0.250
77 89 0.047 0.040
77 90 0.016 0.014
77 91 0.000 0.000
77 92 0.109 0.143
77 93 0.000 0.000
77 94 0.062 0.045
77 95 0.000 0.000
77 96 0.016 0.017
77 97 0.000 0.000
77 98 0.047 0.050
77 99 0.031 0.024
77 100 0.125 0.129
77 101 0.109 0.096
77 102 0.062 0.045
77 103 0.047 0.041
77 104 0.047 0.034
77 105 0.000 0.000
77 106 0.016 0.011
78 79 0.686 0.738
78 80 0.000 0.000
78 81 0.200 0.149
78 82 0.100 0.076
78 83 0.214 0.211
78 84 0.100 0.101
78 85 0.071 0.098
78 86 0.000 0.000
78 87 0.000 0.000
78 88 0.100 0.103
78 89 0.400 0.373
78 90 0.000 0.000
78 91 0.000 0.000
78 92 0.043 0.061
78 93 0.171 0.190
78 94 0.029 0.022
78 95 0.000 0.000
78 96 0.000 0.000
78 97 0.000 0.000
78 98 0.814 0.950
78 99 0.129 0.110
78 100 0.657 0.742
78 101 0.100 0.096
78 102 0.029 0.023
78 103 0.171 0.162
78 104 0.257 0.207
78 105 0.000 0.000
78 106 0.086 0.069
79 80 0.000 0.000
79 81 0.231 0.160
79 82 0.092 0.065
79 83 0.231 0.211
79 84 0.015 0.014
79 85 0.092 0.118
79 86 0.000 0.000
79 87 0.000 0.000
79 88 0.092 0.088
79 89 0.400 0.347
79 90 0.000 0.000
79 91 0.000 0.000
79 92 0.062 0.082
79 93 0.169 0.175
79 94 0.031 0.022
79 95 0.000 0.000
79 96 0.000 0.000
79 97 0.000 0.000
79 98 0.585 0.633
79 99 0.200 0.159
79 100 0.692 0.726
79 101 0.031 0.027
79 102 0.031 0.023
79 103 0.215 0.189
79 104 0.292 0.218
79 105 0.000 0.000
79 106 0.092 0.069
80 81 0.000 0.000
80 82 0.000 0.000
80 83 0.000 0.000
80 84 0.000 0.000
80 85 0.018 0.020
80 86 0.000 0.000
80 87 0.000 0.000
80 88 0.018 0.015
80 89 0.000 0.000
80 90 0.000 0.000
80 91 0.000 0.000
80 92 0.000 0.000
80 93 0.000 0.000
80 94 0.000 0.000
80 95 0.000 0.000
80 96 0.000 0.000
80 97 0.000 0.000
80 98 0.000 0.000
80 99 0.070 0.049
80 100 0.000 0.000
80 101 0.000 0.000
80 102 0.000 0.000
80 103 0.000 0.000
80 104 0.000 0.000
80 105 0.000 0.000
80 106 0.000 0.000
81 82 0.064 0.065
81 83 0.691 0.915
81 84 0.000 0.000
81 85 0.043 0.078
81 86 0.000 0.000
81 87 0.000 0.000
81 88 0.000 0.000
81 89 0.340 0.427
81 90 0.000 0.000
81 91 0.000 0.000
81 92 0.021 0.041
81 93 0.447 0.667
81 94 0.000 0.000
81 95 0.000 0.000
81 96 0.000 0.000
81 97 0.000 0.000
81 98 0.128 0.200
81 99 0.234 0.268
81 100 0.128 0.194
81 101 0.000 0.000
81 102 0.000 0.000
81 103 0.457 0.581
81 104 0.479 0.517
81 105 0.000 0.000
81 106 0.064 0.069
82 83 0.054 0.070
82 84 0.065 0.087
82 85 0.033 0.059
82 86 0.000 0.000
82 87 0.000 0.000
82 88 0.022 0.029
82 89 0.076 0.093
82 90 0.000 0.000
82 91 0.000 0.000
82 92 0.011 0.020
82 93 0.043 0.063
82 94 0.109 0.112
82 95 0.000 0.000
82 96 0.087 0.136
82 97 0.000 0.000
82 98 0.076 0.117
82 99 0.033 0.037
82 100 0.065 0.097
82 101 0.098 0.123
82 102 0.098 0.102
82 103 0.065 0.081
82 104 0.087 0.092
82 105 0.000 0.000
82 106 0.891 0.943
83 84 0.000 0.000
83 85 0.070 0.098
83 86 0.000 0.000
83 87 0.000 0.000
83 88 0.000 0.000
83 89 0.437 0.413
83 90 0.000 0.000
83 91 0.000 0.000
83 92 0.028 0.041
83 93 0.563 0.635
83 94 0.000 0.000
83 95 0.000 0.000
83 96 0.000 0.000
83 97 0.000 0.000
83 98 0.155 0.183
83 99 0.310 0.268
83 100 0.183 0.210
83 101 0.000 0.000
83 102 0.000 0.000
83 103 0.634 0.608
83 104 0.690 0.563
83 105 0.000 0.000
83 106 0.070 0.057
84 85 0.043 0.059
84 86 0.000 0.000
84 87 0.000 0.000
84 88 0.058 0.059
84 89 0.000 0.000
84 90 0.000 0.000
84 91 0.000 0.000
84 92 0.072 0.102
84 93 0.000 0.000
84 94 0.145 0.112
84 95 0.000 0.000
84 96 0.000 0.000
84 97 0.000 0.000
84 98 0.087 0.100
84 99 0.029 0.024
84 100 0.014 0.016
84 101 0.797 0.753
84 102 0.130 0.102
84 103 0.000 0.000
84 104 0.000 0.000
84 105 0.000 0.000
84 106 0.072 0.057
85 86 0.000 0.000
85 87 0.000 0.000
85 88 0.176 0.132
85 89 0.059 0.040
85 90 0.039 0.029
85 91 0.000 0.000
85 92 0.157 0.163
85 93 0.000 0.000
85 94 0.078 0.045
85 95 0.000 0.000
85 96 0.000 0.000
85 97 0.000 0.000
85 98 0.059 0.050
85 99 0.059 0.037
85 100 0.118 0.097
85 101 0.137 0.096
85 102 0.078 0.045
85 103 0.078 0.054
85 104 0.098 0.057
85 105 0.000 0.000
85 106 0.039 0.023
86 87 0.109 0.105
86 88 0.000 0.000
86 89 0.000 0.000
86 90 0.055 0.043
86 91 0.000 0.000
86 92 0.000 0.000
86 93 0.000 0.000
86 94 0.000 0.000
86 95 0.655 0.692
86 96 0.000 0.000
86 97 0.618 0.567
86 98 0.000 0.000
86 99 0.000 0.000
86 100 0.000 0.000
86 101 0.000 0.000
86 102 0.000 0.000
86 103 0.000 0.000
86 104 0.000 0.000
86 105 0.818 0.849
86 106 0.000 0.000
87 88 0.000 0.000
87 89 0.000 0.000
87 90 0.000 0.000
87 91 0.000 0.000
87 92 0.000 0.000
87 93 0.000 0.000
87 94 0.000 0.000
87 95 0.088 0.096
87 96 0.000 0.000
87 97 0.158 0.150
87 98 0.000 0.000
87 99 0.000 0.000
87 100 0.000 0.000
87 101 0.000 0.000
87 102 0.000 0.000
87 103 0.000 0.000
87 104 0.000 0.000
87 105 0.088 0.094
87 106 0.000 0.000
88 89 0.029 0.027
88 90 0.029 0.029
88 91 0.000 0.000
88 92 0.059 0.082
88 93 0.000 0.000
88 94 0.074 0.056
88 95 0.000 0.000
88 96 0.000 0.000
88 97 0.000 0.000
88 98 0.044 0.050
88 99 0.000 0.000
88 100 0.088 0.097
88 101 0.074 0.068
88 102 0.074 0.057
88 103 0.000 0.000
88 104 0.000 0.000
88 105 0.000 0.000
88 106 0.029 0.023
89 90 0.000 0.000
89 91 0.000 0.000
89 92 0.027 0.041
89 93 0.360 0.429
89 94 0.000 0.000
89 95 0.000 0.000
89 96 0.000 0.000
89 97 0.000 0.000
89 98 0.320 0.400
89 99 0.227 0.207
89 100 0.453 0.548
89 101 0.013 0.014
89 102 0.000 0.000
89 103 0.400 0.405
89 104 0.613 0.529
89 105 0.000 0.000
89 106 0.093 0.080
90 91 0.000 0.000
90 92 0.000 0.000
90 93 0.000 0.000
90 94 0.029 0.022
90 95 0.043 0.058
90 96 0.000 0.000
90 97 0.000 0.000
90 98 0.000 0.000
90 99 0.014 0.012
90 100 0.000 0.000
90 101 0.000 0.000
90 102 0.029 0.023
90 103 0.000 0.000
90 104 0.000 0.000
90 105 0.043 0.057
90 106 0.000 0.000
91 92 0.000 0.000
91 93 0.000 0.000
91 94 0.000 0.000
91 95 0.000 0.000
91 96 0.000 0.000
91 97 0.000 0.000
91 98 0.000 0.000
91 99 0.000 0.000
91 100 0.000 0.000
91 101 0.000 0.000
91 102 0.000 0.000
91 103 0.000 0.000
91 104 0.000 0.000
91 105 0.000 0.000
91 106 0.000 0.000
92 93 0.000 0.000
92 94 0.184 0.101
92 95 0.000 0.000
92 96 0.000 0.000
92 97 0.000 0.000
92 98 0.020 0.017
92 99 0.000 0.000
92 100 0.122 0.097
92 101 0.102 0.068
92 102 0.184 0.102
92 103 0.020 0.014
92 104 0.041 0.023
92 105 0.000 0.000
92 106 0.020 0.011
93 94 0.000 0.000
93 95 0.000 0.000
93 96 0.000 0.000
93 97 0.000 0.000
93 98 0.175 0.183
93 99 0.270 0.207
93 100 0.143 0.145
93 101 0.016 0.014
93 102 0.000 0.000
93 103 0.714 0.608
93 104 0.698 0.506
93 105 0.000 0.000
93 106 0.063 0.046
94 95 0.000 0.000
94 96 0.034 0.051
94 97 0.000 0.000
94 98 0.011 0.017
94 99 0.000 0.000
94 100 0.022 0.032
94 101 0.112 0.137
94 102 0.921 0.932
94 103 0.000 0.000
94 104 0.000 0.000
94 105 0.000 0.000
94 106 0.112 0.115
95 96 0.000 0.000
95 97 0.596 0.517
95 98 0.000 0.000
95 99 0.000 0.000
95 100 0.000 0.000
95 101 0.000 0.000
95 102 0.000 0.000
95 103 0.000 0.000
95 104 0.000 0.000
95 105 0.808 0.792
95 106 0.000 0.000
96 97 0.000 0.000
96 98 0.000 0.000
96 99 0.000 0.000
96 100 0.000 0.000
96 101 0.017 0.014
96 102 0.051 0.034
96 103 0.000 0.000
96 104 0.000 0.000
96 105 0.000 0.000
96 106 0.136 0.092
97 98 0.000 0.000
97 99 0.000 0.000
97 100 0.000 0.000
97 101 0.000 0.000
97 102 0.000 0.000
97 103 0.000 0.000
97 104 0.000 0.000
97 105 0.550 0.623
97 106 0.000 0.000
98 99 0.100 0.073
98 100 0.667 0.645
98 101 0.100 0.082
98 102 0.017 0.011
98 103 0.167 0.135
98 104 0.250 0.172
98 105 0.000 0.000
98 106 0.100 0.069
99 100 0.146 0.194
99 101 0.037 0.041
99 102 0.000 0.000
99 103 0.390 0.432
99 104 0.402 0.379
99 105 0.000 0.000
99 106 0.037 0.034
100 101 0.032 0.027
100 102 0.032 0.023
100 103 0.226 0.189
100 104 0.355 0.253
100 105 0.000 0.000
100 106 0.097 0.069
101 102 0.123 0.102
101 103 0.014 0.014
101 104 0.014 0.011
101 105 0.000 0.000
101 106 0.110 0.092
102 103 0.000 0.000
102 104 0.000 0.000
102 105 0.000 0.000
102 106 0.102 0.103
103 104 0.865 0.736
103 105 0.000 0.000
103 106 0.081 0.069
104 105 0.000 0.000
104 106 0.092 0.092
105 106 0.000 0.000
